--INFO (Sat 09.03.2019 at 10:32:36) : Properties file 'config.properties' loaded
--FINE (Sat 09.03.2019 at 10:32:36) : Looking for property 'language'...
--INFO (Sat 09.03.2019 at 10:32:36) : language: en
--FINE (Sat 09.03.2019 at 10:32:36) : Looking for property 'color'...
--INFO (Sat 09.03.2019 at 10:32:36) : color: red
--INFO (Sat 09.03.2019 at 10:32:37) : Updater loaded
--INFO (Sat 09.03.2019 at 10:32:38) : Launcher loaded
--SEVERE (Sat 09.03.2019 at 10:32:38) : Chat could not be loaded!
--WARNING (Sat 09.03.2019 at 10:32:59) : Could not connect to the server!
--INFO (Sat 09.03.2019 at 10:34:08) : Properties file 'config.properties' loaded
--FINE (Sat 09.03.2019 at 10:34:08) : Looking for property 'language'...
--INFO (Sat 09.03.2019 at 10:34:08) : language: en
--FINE (Sat 09.03.2019 at 10:34:08) : Looking for property 'color'...
--INFO (Sat 09.03.2019 at 10:34:08) : color: red
--INFO (Sat 09.03.2019 at 10:34:09) : Updater loaded
--INFO (Sat 09.03.2019 at 10:34:10) : Launcher loaded
--SEVERE (Sat 09.03.2019 at 10:34:10) : Chat could not be loaded!
--WARNING (Sat 09.03.2019 at 10:34:31) : Could not connect to the server!
--INFO (Sat 09.03.2019 at 10:36:41) : Properties file 'config.properties' loaded
--FINE (Sat 09.03.2019 at 10:36:41) : Looking for property 'language'...
--INFO (Sat 09.03.2019 at 10:36:41) : language: en
--FINE (Sat 09.03.2019 at 10:36:41) : Looking for property 'color'...
--INFO (Sat 09.03.2019 at 10:36:41) : color: red
--INFO (Sat 09.03.2019 at 10:36:41) : Updater loaded
--INFO (Sat 09.03.2019 at 10:36:43) : Launcher loaded
--INFO (Sat 09.03.2019 at 10:36:43) : Chat loaded
--WARNING (Sat 09.03.2019 at 10:37:04) : Could not connect to the server!
--INFO (Sat 09.03.2019 at 11:06:39) : Properties file 'config.properties' loaded
--FINE (Sat 09.03.2019 at 11:06:39) : Looking for property 'language'...
--INFO (Sat 09.03.2019 at 11:06:39) : language: en
--FINE (Sat 09.03.2019 at 11:06:39) : Looking for property 'color'...
--INFO (Sat 09.03.2019 at 11:06:39) : color: red
--INFO (Sat 09.03.2019 at 11:06:41) : Updater loaded
--INFO (Sat 09.03.2019 at 11:06:43) : Launcher loaded
--INFO (Sat 09.03.2019 at 11:06:43) : Chat loaded
--INFO (Sat 09.03.2019 at 11:06:43) : Connected successfully to server!
--INFO (Sat 09.03.2019 at 11:06:45) : Launcher scene was set succefully in stage.
--INFO (Sat 09.03.2019 at 11:06:46) : Login authentication requested sucessfully
--INFO (Sat 09.03.2019 at 11:07:14) : Properties file 'config.properties' loaded
--FINE (Sat 09.03.2019 at 11:07:14) : Looking for property 'language'...
--INFO (Sat 09.03.2019 at 11:07:14) : language: en
--FINE (Sat 09.03.2019 at 11:07:14) : Looking for property 'color'...
--INFO (Sat 09.03.2019 at 11:07:14) : color: red
--INFO (Sat 09.03.2019 at 11:07:15) : Updater loaded
--INFO (Sat 09.03.2019 at 11:07:16) : Launcher loaded
--INFO (Sat 09.03.2019 at 11:07:16) : Chat loaded
--INFO (Sat 09.03.2019 at 11:07:16) : Connected successfully to server!
--INFO (Sat 09.03.2019 at 11:07:17) : Launcher scene was set succefully in stage.
--INFO (Sat 09.03.2019 at 11:07:18) : Login authentication requested sucessfully
--INFO (Sat 09.03.2019 at 11:07:23) : Login authentication requested sucessfully
--INFO (Sat 09.03.2019 at 11:07:24) : User: simon
--INFO (Sat 09.03.2019 at 11:07:24) : Started to loading the aplication with the detail of user.
--INFO (Sat 09.03.2019 at 11:07:24) : Loading the aplication with the detail of user terminated.
--INFO (Sat 09.03.2019 at 11:07:24) : Updated scene succesfully to chat
--INFO (Sat 09.03.2019 at 11:08:56) : Properties file 'config.properties' loaded
--FINE (Sat 09.03.2019 at 11:08:56) : Looking for property 'language'...
--INFO (Sat 09.03.2019 at 11:08:56) : language: en
--FINE (Sat 09.03.2019 at 11:08:56) : Looking for property 'color'...
--INFO (Sat 09.03.2019 at 11:08:56) : color: red
--INFO (Sat 09.03.2019 at 11:08:56) : Updater loaded
--INFO (Sat 09.03.2019 at 11:08:57) : Launcher loaded
--INFO (Sat 09.03.2019 at 11:08:58) : Chat loaded
--INFO (Sat 09.03.2019 at 11:08:58) : Connected successfully to server!
--INFO (Sat 09.03.2019 at 11:08:58) : Launcher scene was set succefully in stage.
--INFO (Sat 09.03.2019 at 11:09:00) : Login authentication requested sucessfully
--INFO (Sat 09.03.2019 at 11:09:04) : Login authentication requested sucessfully
--INFO (Sat 09.03.2019 at 11:09:04) : User: simon
--INFO (Sat 09.03.2019 at 11:09:04) : Started to loading the aplication with the detail of user.
--INFO (Sat 09.03.2019 at 11:09:04) : Loading the aplication with the detail of user terminated.
--INFO (Sat 09.03.2019 at 11:09:04) : Updated scene succesfully to chat
--INFO (Sat 09.03.2019 at 11:10:39) : Properties file 'config.properties' loaded
--FINE (Sat 09.03.2019 at 11:10:39) : Looking for property 'language'...
--INFO (Sat 09.03.2019 at 11:10:39) : language: en
--FINE (Sat 09.03.2019 at 11:10:39) : Looking for property 'color'...
--INFO (Sat 09.03.2019 at 11:10:39) : color: red
--INFO (Sat 09.03.2019 at 11:10:42) : Updater loaded
--INFO (Sat 09.03.2019 at 11:10:43) : Launcher loaded
--INFO (Sat 09.03.2019 at 11:10:44) : Chat loaded
--INFO (Sat 09.03.2019 at 11:10:44) : Connected successfully to server!
--INFO (Sat 09.03.2019 at 11:10:45) : Launcher scene was set succefully in stage.
--INFO (Sat 09.03.2019 at 11:10:47) : Login authentication requested sucessfully
--INFO (Sat 09.03.2019 at 11:10:50) : Login authentication requested sucessfully
--INFO (Sat 09.03.2019 at 11:10:50) : User: simon
--INFO (Sat 09.03.2019 at 11:10:50) : Started to loading the aplication with the detail of user.
--INFO (Sat 09.03.2019 at 11:10:51) : Loading the aplication with the detail of user terminated.
--INFO (Sat 09.03.2019 at 11:10:51) : Updated scene succesfully to chat
--INFO (Sat 09.03.2019 at 11:11:08) : Properties file 'config.properties' loaded
--FINE (Sat 09.03.2019 at 11:11:08) : Looking for property 'language'...
--INFO (Sat 09.03.2019 at 11:11:08) : language: en
--FINE (Sat 09.03.2019 at 11:11:08) : Looking for property 'color'...
--INFO (Sat 09.03.2019 at 11:11:08) : color: red
--INFO (Sat 09.03.2019 at 11:11:09) : Updater loaded
--INFO (Sat 09.03.2019 at 11:11:10) : Launcher loaded
--INFO (Sat 09.03.2019 at 11:11:10) : Chat loaded
--INFO (Sat 09.03.2019 at 11:11:10) : Connected successfully to server!
--INFO (Sat 09.03.2019 at 11:11:11) : Launcher scene was set succefully in stage.
--INFO (Sat 09.03.2019 at 11:11:13) : Login authentication requested sucessfully
--INFO (Sat 09.03.2019 at 11:11:16) : Login authentication requested sucessfully
--INFO (Sat 09.03.2019 at 11:11:16) : User: simon
--INFO (Sat 09.03.2019 at 11:11:16) : Started to loading the aplication with the detail of user.
--INFO (Sat 09.03.2019 at 11:11:16) : Loading the aplication with the detail of user terminated.
--INFO (Sat 09.03.2019 at 11:11:16) : Updated scene succesfully to chat
--INFO (Sat 09.03.2019 at 11:12:25) : Properties file 'config.properties' loaded
--FINE (Sat 09.03.2019 at 11:12:25) : Looking for property 'language'...
--INFO (Sat 09.03.2019 at 11:12:25) : language: en
--FINE (Sat 09.03.2019 at 11:12:25) : Looking for property 'color'...
--INFO (Sat 09.03.2019 at 11:12:25) : color: red
--INFO (Sat 09.03.2019 at 11:12:25) : Updater loaded
--INFO (Sat 09.03.2019 at 11:12:26) : Launcher loaded
--INFO (Sat 09.03.2019 at 11:12:27) : Chat loaded
--INFO (Sat 09.03.2019 at 11:12:27) : Connected successfully to server!
--INFO (Sat 09.03.2019 at 11:12:27) : Launcher scene was set succefully in stage.
--INFO (Sat 09.03.2019 at 11:12:29) : Login authentication requested sucessfully
--INFO (Sat 09.03.2019 at 11:12:32) : Login authentication requested sucessfully
--INFO (Sat 09.03.2019 at 11:12:32) : User: simon
--INFO (Sat 09.03.2019 at 11:12:32) : Started to loading the aplication with the detail of user.
--INFO (Sat 09.03.2019 at 11:12:32) : Loading the aplication with the detail of user terminated.
--INFO (Sat 09.03.2019 at 11:12:32) : Updated scene succesfully to chat
--INFO (Sat 09.03.2019 at 11:14:03) : Properties file 'config.properties' loaded
--FINE (Sat 09.03.2019 at 11:14:03) : Looking for property 'language'...
--INFO (Sat 09.03.2019 at 11:14:03) : language: en
--FINE (Sat 09.03.2019 at 11:14:03) : Looking for property 'color'...
--INFO (Sat 09.03.2019 at 11:14:03) : color: red
--INFO (Sat 09.03.2019 at 11:14:03) : Updater loaded
--INFO (Sat 09.03.2019 at 11:14:04) : Launcher loaded
--INFO (Sat 09.03.2019 at 11:14:05) : Chat loaded
--INFO (Sat 09.03.2019 at 11:14:05) : Connected successfully to server!
--INFO (Sat 09.03.2019 at 11:14:05) : Launcher scene was set succefully in stage.
--INFO (Sat 09.03.2019 at 11:14:06) : Login authentication requested sucessfully
--INFO (Sat 09.03.2019 at 11:14:10) : Login authentication requested sucessfully
--INFO (Sat 09.03.2019 at 11:14:10) : User: simon
--INFO (Sat 09.03.2019 at 11:14:10) : Started to loading the aplication with the detail of user.
--INFO (Sat 09.03.2019 at 11:14:10) : Loading the aplication with the detail of user terminated.
--INFO (Sat 09.03.2019 at 11:14:10) : Updated scene succesfully to chat
--INFO (Sat 09.03.2019 at 11:15:51) : Properties file 'config.properties' loaded
--FINE (Sat 09.03.2019 at 11:15:51) : Looking for property 'language'...
--INFO (Sat 09.03.2019 at 11:15:51) : language: en
--FINE (Sat 09.03.2019 at 11:15:51) : Looking for property 'color'...
--INFO (Sat 09.03.2019 at 11:15:51) : color: red
--INFO (Sat 09.03.2019 at 11:15:52) : Updater loaded
--INFO (Sat 09.03.2019 at 11:15:53) : Launcher loaded
--INFO (Sat 09.03.2019 at 11:15:53) : Chat loaded
--INFO (Sat 09.03.2019 at 11:15:53) : Connected successfully to server!
--INFO (Sat 09.03.2019 at 11:15:54) : Launcher scene was set succefully in stage.
--INFO (Sat 09.03.2019 at 11:15:55) : Login authentication requested sucessfully
--INFO (Sat 09.03.2019 at 11:15:58) : Login authentication requested sucessfully
--INFO (Sat 09.03.2019 at 11:15:59) : User: simon
--INFO (Sat 09.03.2019 at 11:15:59) : Started to loading the aplication with the detail of user.
--INFO (Sat 09.03.2019 at 11:15:59) : Updated scene succesfully to chat
--INFO (Sat 09.03.2019 at 11:15:59) : Loading the aplication with the detail of user terminated.
--INFO (Sat 09.03.2019 at 11:16:50) : Properties file 'config.properties' loaded
--FINE (Sat 09.03.2019 at 11:16:50) : Looking for property 'language'...
--INFO (Sat 09.03.2019 at 11:16:50) : language: en
--FINE (Sat 09.03.2019 at 11:16:50) : Looking for property 'color'...
--INFO (Sat 09.03.2019 at 11:16:50) : color: red
--INFO (Sat 09.03.2019 at 11:16:51) : Updater loaded
--SEVERE (Sat 09.03.2019 at 11:16:52) : Launcher could not be loaded loaded!
--INFO (Sat 09.03.2019 at 11:16:52) : Chat loaded
--INFO (Sat 09.03.2019 at 11:16:52) : Connected successfully to server!
--INFO (Sat 09.03.2019 at 11:16:52) : Launcher scene was set succefully in stage.
--INFO (Sat 09.03.2019 at 11:16:54) : Login authentication requested sucessfully
--INFO (Sat 09.03.2019 at 11:16:57) : Login authentication requested sucessfully
--INFO (Sat 09.03.2019 at 11:16:57) : User: simon
--INFO (Sat 09.03.2019 at 11:16:57) : Started to loading the aplication with the detail of user.
--INFO (Sat 09.03.2019 at 11:16:57) : Loading the aplication with the detail of user terminated.
--INFO (Sat 09.03.2019 at 11:16:57) : Updated scene succesfully to chat
--INFO (Sat 09.03.2019 at 11:17:51) : Properties file 'config.properties' loaded
--FINE (Sat 09.03.2019 at 11:17:51) : Looking for property 'language'...
--INFO (Sat 09.03.2019 at 11:17:51) : language: en
--FINE (Sat 09.03.2019 at 11:17:51) : Looking for property 'color'...
--INFO (Sat 09.03.2019 at 11:17:51) : color: red
--INFO (Sat 09.03.2019 at 11:17:51) : Updater loaded
--INFO (Sat 09.03.2019 at 11:17:52) : Launcher loaded
--INFO (Sat 09.03.2019 at 11:17:52) : Chat loaded
--INFO (Sat 09.03.2019 at 11:17:52) : Connected successfully to server!
--SEVERE (Sat 09.03.2019 at 11:17:52) : Could not set scene Launcher to stage!
--INFO (Sat 09.03.2019 at 11:18:35) : Properties file 'config.properties' loaded
--FINE (Sat 09.03.2019 at 11:18:36) : Looking for property 'language'...
--INFO (Sat 09.03.2019 at 11:18:36) : language: en
--FINE (Sat 09.03.2019 at 11:18:36) : Looking for property 'color'...
--INFO (Sat 09.03.2019 at 11:18:36) : color: red
--INFO (Sat 09.03.2019 at 11:18:36) : Updater loaded
--INFO (Sat 09.03.2019 at 11:18:37) : Launcher loaded
--INFO (Sat 09.03.2019 at 11:18:37) : Chat loaded
--INFO (Sat 09.03.2019 at 11:18:37) : Connected successfully to server!
--INFO (Sat 09.03.2019 at 11:18:38) : Launcher scene was set succefully in stage.
--INFO (Sat 09.03.2019 at 11:18:39) : Login authentication requested sucessfully
--INFO (Sat 09.03.2019 at 11:18:43) : Login authentication requested sucessfully
--INFO (Sat 09.03.2019 at 11:18:43) : User: simon
--INFO (Sat 09.03.2019 at 11:18:43) : Started to loading the aplication with the detail of user.
--INFO (Sat 09.03.2019 at 11:18:43) : Updated scene succesfully to chat
--INFO (Sat 09.03.2019 at 11:18:43) : Loading the aplication with the detail of user terminated.
--INFO (Sat 09.03.2019 at 11:20:59) : Properties file 'config.properties' loaded
--FINE (Sat 09.03.2019 at 11:20:59) : Looking for property 'language'...
--INFO (Sat 09.03.2019 at 11:20:59) : language: en
--FINE (Sat 09.03.2019 at 11:20:59) : Looking for property 'color'...
--INFO (Sat 09.03.2019 at 11:20:59) : color: red
--INFO (Sat 09.03.2019 at 11:21:00) : Updater loaded
--INFO (Sat 09.03.2019 at 11:21:01) : Launcher loaded
--INFO (Sat 09.03.2019 at 11:21:01) : Chat loaded
--INFO (Sat 09.03.2019 at 11:21:01) : Connected successfully to server!
--INFO (Sat 09.03.2019 at 11:21:02) : Launcher scene was set succefully in stage.
--INFO (Sat 09.03.2019 at 11:21:03) : Login authentication requested sucessfully
--INFO (Sat 09.03.2019 at 11:21:06) : Login authentication requested sucessfully
--INFO (Sat 09.03.2019 at 11:21:06) : User: simon
--INFO (Sat 09.03.2019 at 11:21:06) : Started to loading the aplication with the detail of user.
--INFO (Sat 09.03.2019 at 11:21:06) : Loading the aplication with the detail of user terminated.
--INFO (Sat 09.03.2019 at 11:21:06) : Updated scene succesfully to chat
--INFO (Sat 09.03.2019 at 11:21:41) : Properties file 'config.properties' loaded
--FINE (Sat 09.03.2019 at 11:21:41) : Looking for property 'language'...
--INFO (Sat 09.03.2019 at 11:21:41) : language: en
--FINE (Sat 09.03.2019 at 11:21:41) : Looking for property 'color'...
--INFO (Sat 09.03.2019 at 11:21:41) : color: red
--INFO (Sat 09.03.2019 at 11:21:41) : Updater loaded
--INFO (Sat 09.03.2019 at 11:21:42) : Launcher loaded
--SEVERE (Sat 09.03.2019 at 11:21:42) : Chat could not be loaded!
--INFO (Sat 09.03.2019 at 11:21:42) : Connected successfully to server!
--INFO (Sat 09.03.2019 at 11:21:43) : Launcher scene was set succefully in stage.
--INFO (Sat 09.03.2019 at 11:21:44) : Login authentication requested sucessfully
--INFO (Sat 09.03.2019 at 11:21:47) : Login authentication requested sucessfully
--INFO (Sat 09.03.2019 at 11:21:47) : User: simon
--INFO (Sat 09.03.2019 at 11:21:47) : Started to loading the aplication with the detail of user.
--INFO (Sat 09.03.2019 at 11:21:48) : Loading the aplication with the detail of user terminated.
--INFO (Sat 09.03.2019 at 11:21:48) : Updated scene succesfully to chat
--INFO (Sat 09.03.2019 at 11:21:59) : Properties file 'config.properties' loaded
--FINE (Sat 09.03.2019 at 11:21:59) : Looking for property 'language'...
--INFO (Sat 09.03.2019 at 11:21:59) : language: en
--FINE (Sat 09.03.2019 at 11:21:59) : Looking for property 'color'...
--INFO (Sat 09.03.2019 at 11:21:59) : color: red
--INFO (Sat 09.03.2019 at 11:22:00) : Updater loaded
--INFO (Sat 09.03.2019 at 11:22:01) : Launcher loaded
--INFO (Sat 09.03.2019 at 11:22:01) : Chat loaded
--INFO (Sat 09.03.2019 at 11:22:01) : Connected successfully to server!
--INFO (Sat 09.03.2019 at 11:22:01) : Launcher scene was set succefully in stage.
--INFO (Sat 09.03.2019 at 11:22:03) : Login authentication requested sucessfully
--INFO (Sat 09.03.2019 at 11:22:06) : Login authentication requested sucessfully
--INFO (Sat 09.03.2019 at 11:22:07) : User: simon
--INFO (Sat 09.03.2019 at 11:22:07) : Started to loading the aplication with the detail of user.
--INFO (Sat 09.03.2019 at 11:22:07) : Loading the aplication with the detail of user terminated.
--INFO (Sat 09.03.2019 at 11:22:07) : Updated scene succesfully to chat
--INFO (Sat 09.03.2019 at 11:24:46) : Properties file 'config.properties' loaded
--FINE (Sat 09.03.2019 at 11:24:46) : Looking for property 'language'...
--INFO (Sat 09.03.2019 at 11:24:46) : language: en
--FINE (Sat 09.03.2019 at 11:24:46) : Looking for property 'color'...
--INFO (Sat 09.03.2019 at 11:24:46) : color: red
--INFO (Sat 09.03.2019 at 11:24:46) : Updater loaded
--INFO (Sat 09.03.2019 at 11:24:47) : Launcher loaded
--INFO (Sat 09.03.2019 at 11:24:47) : Chat loaded
--INFO (Sat 09.03.2019 at 11:24:48) : Connected successfully to server!
--INFO (Sat 09.03.2019 at 11:24:48) : Launcher scene was set succefully in stage.
--INFO (Sat 09.03.2019 at 11:24:49) : Login authentication requested sucessfully
--INFO (Sat 09.03.2019 at 11:24:53) : Login authentication requested sucessfully
--INFO (Sat 09.03.2019 at 11:24:53) : User: simon
--INFO (Sat 09.03.2019 at 11:24:53) : Started to loading the aplication with the detail of user.
--INFO (Sat 09.03.2019 at 11:24:53) : Loading the aplication with the detail of user terminated.
--INFO (Sat 09.03.2019 at 11:24:53) : Updated scene succesfully to chat
--INFO (Sat 09.03.2019 at 11:25:35) : Properties file 'config.properties' loaded
--FINE (Sat 09.03.2019 at 11:25:35) : Looking for property 'language'...
--INFO (Sat 09.03.2019 at 11:25:35) : language: en
--FINE (Sat 09.03.2019 at 11:25:35) : Looking for property 'color'...
--INFO (Sat 09.03.2019 at 11:25:35) : color: red
--INFO (Sat 09.03.2019 at 11:25:36) : Updater loaded
--INFO (Sat 09.03.2019 at 11:25:37) : Launcher loaded
--INFO (Sat 09.03.2019 at 11:25:37) : Chat loaded
--INFO (Sat 09.03.2019 at 11:25:37) : Connected successfully to server!
--INFO (Sat 09.03.2019 at 11:25:37) : Launcher scene was set succefully in stage.
--INFO (Sat 09.03.2019 at 11:25:39) : Login authentication requested sucessfully
--INFO (Sat 09.03.2019 at 11:25:42) : Login authentication requested sucessfully
--INFO (Sat 09.03.2019 at 11:25:42) : User: simon
--INFO (Sat 09.03.2019 at 11:25:42) : Started to loading the aplication with the detail of user.
--INFO (Sat 09.03.2019 at 11:25:42) : Loading the aplication with the detail of user terminated.
--INFO (Sat 09.03.2019 at 11:25:42) : Updated scene succesfully to chat
--INFO (Sat 09.03.2019 at 11:26:32) : Properties file 'config.properties' loaded
--FINE (Sat 09.03.2019 at 11:26:32) : Looking for property 'language'...
--INFO (Sat 09.03.2019 at 11:26:32) : language: en
--FINE (Sat 09.03.2019 at 11:26:32) : Looking for property 'color'...
--INFO (Sat 09.03.2019 at 11:26:32) : color: blue
--INFO (Sat 09.03.2019 at 11:26:32) : Updater loaded
--INFO (Sat 09.03.2019 at 11:26:33) : Launcher loaded
--INFO (Sat 09.03.2019 at 11:26:33) : Chat loaded
--INFO (Sat 09.03.2019 at 11:26:33) : Connected successfully to server!
--INFO (Sat 09.03.2019 at 11:26:34) : Launcher scene was set succefully in stage.
--INFO (Sat 09.03.2019 at 11:26:35) : Login authentication requested sucessfully
--INFO (Sat 09.03.2019 at 11:26:41) : Login authentication requested sucessfully
--INFO (Sat 09.03.2019 at 11:26:41) : User: simon
--INFO (Sat 09.03.2019 at 11:26:41) : Started to loading the aplication with the detail of user.
--INFO (Sat 09.03.2019 at 11:26:41) : Loading the aplication with the detail of user terminated.
--INFO (Sat 09.03.2019 at 11:26:41) : Updated scene succesfully to chat
--INFO (Sat 09.03.2019 at 11:31:33) : Properties file 'config.properties' loaded
--FINE (Sat 09.03.2019 at 11:31:33) : Looking for property 'language'...
--INFO (Sat 09.03.2019 at 11:31:33) : language: en
--FINE (Sat 09.03.2019 at 11:31:33) : Looking for property 'color'...
--INFO (Sat 09.03.2019 at 11:31:33) : color: blue
--INFO (Sat 09.03.2019 at 11:31:33) : Updater loaded
--INFO (Sat 09.03.2019 at 11:31:34) : Launcher loaded
--INFO (Sat 09.03.2019 at 11:31:34) : Chat loaded
--INFO (Sat 09.03.2019 at 11:31:34) : Connected successfully to server!
--INFO (Sat 09.03.2019 at 11:31:35) : Launcher scene was set succefully in stage.
--INFO (Sat 09.03.2019 at 11:31:36) : Login authentication requested sucessfully
--INFO (Sat 09.03.2019 at 11:31:48) : Login authentication requested sucessfully
--INFO (Sat 09.03.2019 at 11:31:48) : User: simon
--INFO (Sat 09.03.2019 at 11:31:48) : Started to loading the aplication with the detail of user.
--INFO (Sat 09.03.2019 at 11:31:48) : Updated scene succesfully to chat
--INFO (Sat 09.03.2019 at 11:31:48) : Loading the aplication with the detail of user terminated.
--INFO (Sat 09.03.2019 at 11:35:38) : Properties file 'config.properties' loaded
--FINE (Sat 09.03.2019 at 11:35:38) : Looking for property 'language'...
--INFO (Sat 09.03.2019 at 11:35:38) : language: en
--FINE (Sat 09.03.2019 at 11:35:38) : Looking for property 'color'...
--INFO (Sat 09.03.2019 at 11:35:38) : color: blue
--INFO (Sat 09.03.2019 at 11:35:38) : Updater loaded
--INFO (Sat 09.03.2019 at 11:35:39) : Launcher loaded
--INFO (Sat 09.03.2019 at 11:35:39) : Chat loaded
--INFO (Sat 09.03.2019 at 11:35:40) : Connected successfully to server!
--INFO (Sat 09.03.2019 at 11:35:40) : Launcher scene was set succefully in stage.
--INFO (Sat 09.03.2019 at 11:35:42) : Login authentication requested sucessfully
--INFO (Sat 09.03.2019 at 11:35:45) : Login authentication requested sucessfully
--INFO (Sat 09.03.2019 at 11:35:45) : User: simon
--INFO (Sat 09.03.2019 at 11:35:45) : Started to loading the aplication with the detail of user.
--INFO (Sat 09.03.2019 at 11:35:45) : Loading the aplication with the detail of user terminated.
--INFO (Sat 09.03.2019 at 11:35:46) : Updated scene succesfully to chat
--INFO (Sun 10.03.2019 at 12:13:44) : Properties file 'config.properties' loaded
--FINE (Sun 10.03.2019 at 12:13:44) : Looking for property 'language'...
--INFO (Sun 10.03.2019 at 12:13:44) : language: en
--FINE (Sun 10.03.2019 at 12:13:44) : Looking for property 'color'...
--INFO (Sun 10.03.2019 at 12:13:44) : color: blue
--INFO (Sun 10.03.2019 at 12:13:44) : Updater loaded
--INFO (Sun 10.03.2019 at 12:13:45) : Launcher loaded
--SEVERE (Sun 10.03.2019 at 12:13:45) : Chat could not be loaded!
--INFO (Sun 10.03.2019 at 12:13:45) : Connected successfully to server!
--SEVERE (Sun 10.03.2019 at 12:13:46) : Could not set scene Launcher to stage!
--INFO (Sun 10.03.2019 at 12:14:11) : Properties file 'config.properties' loaded
--FINE (Sun 10.03.2019 at 12:14:11) : Looking for property 'language'...
--INFO (Sun 10.03.2019 at 12:14:11) : language: en
--FINE (Sun 10.03.2019 at 12:14:11) : Looking for property 'color'...
--INFO (Sun 10.03.2019 at 12:14:11) : color: blue
--INFO (Sun 10.03.2019 at 12:14:11) : Updater loaded
--INFO (Sun 10.03.2019 at 12:14:12) : Launcher loaded
--SEVERE (Sun 10.03.2019 at 12:14:12) : Chat could not be loaded!
--INFO (Sun 10.03.2019 at 12:14:12) : Connected successfully to server!
--SEVERE (Sun 10.03.2019 at 12:14:12) : Could not set scene Launcher to stage!
--INFO (Sun 10.03.2019 at 12:14:37) : Properties file 'config.properties' loaded
--FINE (Sun 10.03.2019 at 12:14:37) : Looking for property 'language'...
--INFO (Sun 10.03.2019 at 12:14:37) : language: en
--FINE (Sun 10.03.2019 at 12:14:37) : Looking for property 'color'...
--INFO (Sun 10.03.2019 at 12:14:37) : color: blue
--INFO (Sun 10.03.2019 at 12:14:37) : Updater loaded
--INFO (Sun 10.03.2019 at 12:14:41) : Properties file 'config.properties' loaded
--FINE (Sun 10.03.2019 at 12:14:41) : Looking for property 'language'...
--INFO (Sun 10.03.2019 at 12:14:41) : language: en
--FINE (Sun 10.03.2019 at 12:14:41) : Looking for property 'color'...
--INFO (Sun 10.03.2019 at 12:14:41) : color: blue
--INFO (Sun 10.03.2019 at 12:14:42) : Updater loaded
--INFO (Sun 10.03.2019 at 12:14:42) : Launcher loaded
--SEVERE (Sun 10.03.2019 at 12:14:42) : Chat could not be loaded!
--INFO (Sun 10.03.2019 at 12:14:42) : Connected successfully to server!
--SEVERE (Sun 10.03.2019 at 12:14:42) : Could not set scene Launcher to stage!
--INFO (Sun 10.03.2019 at 12:14:50) : Properties file 'config.properties' loaded
--FINE (Sun 10.03.2019 at 12:14:50) : Looking for property 'language'...
--INFO (Sun 10.03.2019 at 12:14:50) : language: en
--FINE (Sun 10.03.2019 at 12:14:50) : Looking for property 'color'...
--INFO (Sun 10.03.2019 at 12:14:50) : color: blue
--INFO (Sun 10.03.2019 at 12:14:51) : Updater loaded
--INFO (Sun 10.03.2019 at 12:14:52) : Launcher loaded
--SEVERE (Sun 10.03.2019 at 12:14:52) : Chat could not be loaded!
--INFO (Sun 10.03.2019 at 12:14:52) : Connected successfully to server!
--SEVERE (Sun 10.03.2019 at 12:14:52) : Could not set scene Launcher to stage!
--INFO (Sun 10.03.2019 at 12:14:59) : Properties file 'config.properties' loaded
--FINE (Sun 10.03.2019 at 12:14:59) : Looking for property 'language'...
--INFO (Sun 10.03.2019 at 12:14:59) : language: en
--FINE (Sun 10.03.2019 at 12:14:59) : Looking for property 'color'...
--INFO (Sun 10.03.2019 at 12:14:59) : color: blue
--INFO (Sun 10.03.2019 at 12:14:59) : Updater loaded
--INFO (Sun 10.03.2019 at 12:15:03) : Properties file 'config.properties' loaded
--FINE (Sun 10.03.2019 at 12:15:03) : Looking for property 'language'...
--INFO (Sun 10.03.2019 at 12:15:03) : language: en
--FINE (Sun 10.03.2019 at 12:15:03) : Looking for property 'color'...
--INFO (Sun 10.03.2019 at 12:15:03) : color: blue
--INFO (Sun 10.03.2019 at 12:15:03) : Updater loaded
--INFO (Sun 10.03.2019 at 12:15:04) : Launcher loaded
--SEVERE (Sun 10.03.2019 at 12:15:04) : Chat could not be loaded!
--INFO (Sun 10.03.2019 at 12:15:04) : Connected successfully to server!
--SEVERE (Sun 10.03.2019 at 12:15:04) : Could not set scene Launcher to stage!
--INFO (Sun 10.03.2019 at 12:18:10) : Properties file 'config.properties' loaded
--FINE (Sun 10.03.2019 at 12:18:10) : Looking for property 'language'...
--INFO (Sun 10.03.2019 at 12:18:10) : language: en
--FINE (Sun 10.03.2019 at 12:18:10) : Looking for property 'color'...
--INFO (Sun 10.03.2019 at 12:18:10) : color: blue
--INFO (Sun 10.03.2019 at 12:18:11) : Updater loaded
--INFO (Sun 10.03.2019 at 12:18:11) : Launcher loaded
--SEVERE (Sun 10.03.2019 at 12:18:11) : Chat could not be loaded!
--INFO (Sun 10.03.2019 at 12:18:11) : Connected successfully to server!
--SEVERE (Sun 10.03.2019 at 12:18:11) : Could not set scene Launcher to stage!
--INFO (Sun 10.03.2019 at 12:19:40) : Properties file 'config.properties' loaded
--FINE (Sun 10.03.2019 at 12:19:40) : Looking for property 'language'...
--INFO (Sun 10.03.2019 at 12:19:40) : language: en
--FINE (Sun 10.03.2019 at 12:19:40) : Looking for property 'color'...
--INFO (Sun 10.03.2019 at 12:19:40) : color: blue
--INFO (Sun 10.03.2019 at 12:19:40) : Updater loaded
--INFO (Sun 10.03.2019 at 12:19:41) : Launcher loaded
--SEVERE (Sun 10.03.2019 at 12:19:41) : Chat could not be loaded!
--INFO (Sun 10.03.2019 at 12:19:41) : Connected successfully to server!
--SEVERE (Sun 10.03.2019 at 12:19:41) : Could not set scene Launcher to stage!
--INFO (Sun 10.03.2019 at 12:21:20) : Properties file 'config.properties' loaded
--FINE (Sun 10.03.2019 at 12:21:20) : Looking for property 'language'...
--INFO (Sun 10.03.2019 at 12:21:20) : language: en
--FINE (Sun 10.03.2019 at 12:21:20) : Looking for property 'color'...
--INFO (Sun 10.03.2019 at 12:21:20) : color: blue
--INFO (Sun 10.03.2019 at 12:21:20) : Updater loaded
--INFO (Sun 10.03.2019 at 12:21:21) : Launcher loaded
--SEVERE (Sun 10.03.2019 at 12:21:21) : Chat could not be loaded!
--INFO (Sun 10.03.2019 at 12:21:21) : Connected successfully to server!
--SEVERE (Sun 10.03.2019 at 12:21:21) : Could not set scene Launcher to stage!
--INFO (Sun 10.03.2019 at 12:25:55) : Properties file 'config.properties' loaded
--FINE (Sun 10.03.2019 at 12:25:56) : Looking for property 'language'...
--INFO (Sun 10.03.2019 at 12:25:56) : language: en
--FINE (Sun 10.03.2019 at 12:25:56) : Looking for property 'color'...
--INFO (Sun 10.03.2019 at 12:25:56) : color: blue
--INFO (Sun 10.03.2019 at 12:25:56) : Updater loaded
--INFO (Sun 10.03.2019 at 12:25:57) : Launcher loaded
--INFO (Sun 10.03.2019 at 12:25:58) : Chat loaded
--INFO (Sun 10.03.2019 at 12:25:58) : Connected successfully to server!
--INFO (Sun 10.03.2019 at 12:26:01) : Launcher scene was set succefully in stage.
--INFO (Sun 10.03.2019 at 12:26:02) : Login authentication requested sucessfully
--INFO (Sun 10.03.2019 at 12:26:06) : Login authentication requested sucessfully
--INFO (Sun 10.03.2019 at 12:26:07) : User: simon
--INFO (Sun 10.03.2019 at 12:26:07) : Started to loading the aplication with the detail of user.
--INFO (Sun 10.03.2019 at 12:26:07) : Updated scene succesfully to chat
--INFO (Sun 10.03.2019 at 12:26:08) : Loading the aplication with the detail of user terminated.
--INFO (Sun 10.03.2019 at 12:28:49) : Properties file 'config.properties' loaded
--FINE (Sun 10.03.2019 at 12:28:50) : Looking for property 'language'...
--INFO (Sun 10.03.2019 at 12:28:50) : language: en
--FINE (Sun 10.03.2019 at 12:28:50) : Looking for property 'color'...
--INFO (Sun 10.03.2019 at 12:28:50) : color: blue
--INFO (Sun 10.03.2019 at 12:28:50) : Updater loaded
--INFO (Sun 10.03.2019 at 12:28:51) : Launcher loaded
--INFO (Sun 10.03.2019 at 12:28:52) : Chat loaded
--INFO (Sun 10.03.2019 at 12:28:52) : Connected successfully to server!
--INFO (Sun 10.03.2019 at 12:28:53) : Launcher scene was set succefully in stage.
--INFO (Sun 10.03.2019 at 12:28:54) : Login authentication requested sucessfully
--INFO (Sun 10.03.2019 at 12:29:02) : Login authentication requested sucessfully
--INFO (Sun 10.03.2019 at 12:29:02) : User: simon
--INFO (Sun 10.03.2019 at 12:29:02) : Started to loading the aplication with the detail of user.
--INFO (Sun 10.03.2019 at 12:29:02) : Loading the aplication with the detail of user terminated.
--INFO (Sun 10.03.2019 at 12:29:02) : Updated scene succesfully to chat
--INFO (Sun 10.03.2019 at 12:30:35) : Properties file 'config.properties' loaded
--FINE (Sun 10.03.2019 at 12:30:35) : Looking for property 'language'...
--INFO (Sun 10.03.2019 at 12:30:35) : language: en
--FINE (Sun 10.03.2019 at 12:30:35) : Looking for property 'color'...
--INFO (Sun 10.03.2019 at 12:30:35) : color: blue
--INFO (Sun 10.03.2019 at 12:30:36) : Updater loaded
--INFO (Sun 10.03.2019 at 12:30:37) : Launcher loaded
--INFO (Sun 10.03.2019 at 12:30:37) : Chat loaded
--INFO (Sun 10.03.2019 at 12:30:37) : Connected successfully to server!
--INFO (Sun 10.03.2019 at 12:30:38) : Launcher scene was set succefully in stage.
--INFO (Sun 10.03.2019 at 12:30:39) : Login authentication requested sucessfully
--INFO (Sun 10.03.2019 at 12:30:42) : Login authentication requested sucessfully
--INFO (Sun 10.03.2019 at 12:30:42) : User: simon
--INFO (Sun 10.03.2019 at 12:30:42) : Started to loading the aplication with the detail of user.
--INFO (Sun 10.03.2019 at 12:30:42) : Loading the aplication with the detail of user terminated.
--INFO (Sun 10.03.2019 at 12:30:42) : Updated scene succesfully to chat
--INFO (Sun 10.03.2019 at 12:31:54) : Properties file 'config.properties' loaded
--FINE (Sun 10.03.2019 at 12:31:54) : Looking for property 'language'...
--INFO (Sun 10.03.2019 at 12:31:54) : language: en
--FINE (Sun 10.03.2019 at 12:31:54) : Looking for property 'color'...
--INFO (Sun 10.03.2019 at 12:31:54) : color: blue
--INFO (Sun 10.03.2019 at 12:31:54) : Updater loaded
--INFO (Sun 10.03.2019 at 12:31:55) : Launcher loaded
--INFO (Sun 10.03.2019 at 12:31:56) : Chat loaded
--INFO (Sun 10.03.2019 at 12:31:56) : Connected successfully to server!
--INFO (Sun 10.03.2019 at 12:31:56) : Launcher scene was set succefully in stage.
--INFO (Sun 10.03.2019 at 12:31:58) : Login authentication requested sucessfully
--INFO (Sun 10.03.2019 at 12:32:01) : Login authentication requested sucessfully
--INFO (Sun 10.03.2019 at 12:32:01) : User: simon
--INFO (Sun 10.03.2019 at 12:32:01) : Started to loading the aplication with the detail of user.
--INFO (Sun 10.03.2019 at 12:32:01) : Loading the aplication with the detail of user terminated.
--INFO (Sun 10.03.2019 at 12:32:01) : Updated scene succesfully to chat
--INFO (Sun 10.03.2019 at 12:32:13) : Properties file 'config.properties' loaded
--FINE (Sun 10.03.2019 at 12:32:13) : Looking for property 'language'...
--INFO (Sun 10.03.2019 at 12:32:13) : language: en
--FINE (Sun 10.03.2019 at 12:32:13) : Looking for property 'color'...
--INFO (Sun 10.03.2019 at 12:32:13) : color: blue
--INFO (Sun 10.03.2019 at 12:32:13) : Updater loaded
--INFO (Sun 10.03.2019 at 12:32:14) : Launcher loaded
--INFO (Sun 10.03.2019 at 12:32:15) : Chat loaded
--INFO (Sun 10.03.2019 at 12:32:15) : Connected successfully to server!
--INFO (Sun 10.03.2019 at 12:32:15) : Launcher scene was set succefully in stage.
--INFO (Sun 10.03.2019 at 12:32:17) : Login authentication requested sucessfully
--INFO (Sun 10.03.2019 at 12:32:20) : Login authentication requested sucessfully
--INFO (Sun 10.03.2019 at 12:32:20) : User: simon
--INFO (Sun 10.03.2019 at 12:32:20) : Started to loading the aplication with the detail of user.
--INFO (Sun 10.03.2019 at 12:32:20) : Loading the aplication with the detail of user terminated.
--INFO (Sun 10.03.2019 at 12:32:20) : Updated scene succesfully to chat
--INFO (Sun 10.03.2019 at 12:49:49) : Properties file 'config.properties' loaded
--FINE (Sun 10.03.2019 at 12:49:49) : Looking for property 'language'...
--INFO (Sun 10.03.2019 at 12:49:49) : language: en
--FINE (Sun 10.03.2019 at 12:49:49) : Looking for property 'color'...
--INFO (Sun 10.03.2019 at 12:49:49) : color: blue
--INFO (Sun 10.03.2019 at 12:49:50) : Updater loaded
--INFO (Sun 10.03.2019 at 12:49:51) : Launcher loaded
--INFO (Sun 10.03.2019 at 12:49:51) : Chat loaded
--INFO (Sun 10.03.2019 at 12:49:51) : Connected successfully to server!
--INFO (Sun 10.03.2019 at 12:49:52) : Launcher scene was set succefully in stage.
--INFO (Sun 10.03.2019 at 12:49:53) : Login authentication requested sucessfully
--INFO (Sun 10.03.2019 at 12:50:04) : Properties file 'config.properties' loaded
--FINE (Sun 10.03.2019 at 12:50:04) : Looking for property 'language'...
--INFO (Sun 10.03.2019 at 12:50:04) : language: en
--FINE (Sun 10.03.2019 at 12:50:04) : Looking for property 'color'...
--INFO (Sun 10.03.2019 at 12:50:04) : color: blue
--INFO (Sun 10.03.2019 at 12:50:05) : Updater loaded
--INFO (Sun 10.03.2019 at 12:50:05) : Launcher loaded
--INFO (Sun 10.03.2019 at 12:50:06) : Chat loaded
--INFO (Sun 10.03.2019 at 12:50:06) : Connected successfully to server!
--INFO (Sun 10.03.2019 at 12:50:07) : Launcher scene was set succefully in stage.
--INFO (Sun 10.03.2019 at 12:50:08) : Login authentication requested sucessfully
--INFO (Sun 10.03.2019 at 12:50:12) : Login authentication requested sucessfully
--INFO (Sun 10.03.2019 at 12:50:12) : User: simon
--INFO (Sun 10.03.2019 at 12:50:12) : Started to loading the aplication with the detail of user.
--INFO (Sun 10.03.2019 at 12:50:12) : Loading the aplication with the detail of user terminated.
--INFO (Sun 10.03.2019 at 12:50:12) : Updated scene succesfully to chat
--INFO (Sun 10.03.2019 at 12:50:46) : Properties file 'config.properties' loaded
--FINE (Sun 10.03.2019 at 12:50:46) : Looking for property 'language'...
--INFO (Sun 10.03.2019 at 12:50:46) : language: en
--FINE (Sun 10.03.2019 at 12:50:46) : Looking for property 'color'...
--INFO (Sun 10.03.2019 at 12:50:46) : color: blue
--INFO (Sun 10.03.2019 at 12:50:47) : Updater loaded
--INFO (Sun 10.03.2019 at 12:50:48) : Launcher loaded
--INFO (Sun 10.03.2019 at 12:50:48) : Chat loaded
--INFO (Sun 10.03.2019 at 12:50:48) : Connected successfully to server!
--INFO (Sun 10.03.2019 at 12:50:49) : Launcher scene was set succefully in stage.
--INFO (Sun 10.03.2019 at 12:50:50) : Login authentication requested sucessfully
--INFO (Sun 10.03.2019 at 12:50:54) : Login authentication requested sucessfully
--INFO (Sun 10.03.2019 at 12:50:54) : User: simon
--INFO (Sun 10.03.2019 at 12:50:54) : Started to loading the aplication with the detail of user.
--INFO (Sun 10.03.2019 at 12:50:54) : Loading the aplication with the detail of user terminated.
--INFO (Sun 10.03.2019 at 12:50:54) : Updated scene succesfully to chat
--INFO (Sun 10.03.2019 at 01:11:29) : Properties file 'config.properties' loaded
--FINE (Sun 10.03.2019 at 01:11:30) : Looking for property 'language'...
--INFO (Sun 10.03.2019 at 01:11:30) : language: en
--FINE (Sun 10.03.2019 at 01:11:30) : Looking for property 'color'...
--INFO (Sun 10.03.2019 at 01:11:30) : color: blue
--INFO (Sun 10.03.2019 at 01:11:30) : Updater loaded
--INFO (Sun 10.03.2019 at 01:11:31) : Launcher loaded
--INFO (Sun 10.03.2019 at 01:11:31) : Chat loaded
--INFO (Sun 10.03.2019 at 01:11:31) : Connected successfully to server!
--INFO (Sun 10.03.2019 at 01:11:40) : Launcher scene was set succefully in stage.
--INFO (Sun 10.03.2019 at 01:11:40) : Login authentication requested sucessfully
--INFO (Sun 10.03.2019 at 01:11:45) : Login authentication requested sucessfully
--INFO (Sun 10.03.2019 at 01:11:47) : User: simon
--INFO (Sun 10.03.2019 at 01:11:47) : Started to loading the aplication with the detail of user.
--INFO (Sun 10.03.2019 at 01:11:47) : Loading the aplication with the detail of user terminated.
--INFO (Sun 10.03.2019 at 01:11:47) : Updated scene succesfully to chat
--INFO (Sun 10.03.2019 at 01:14:46) : Properties file 'config.properties' loaded
--FINE (Sun 10.03.2019 at 01:14:46) : Looking for property 'language'...
--INFO (Sun 10.03.2019 at 01:14:46) : language: en
--FINE (Sun 10.03.2019 at 01:14:46) : Looking for property 'color'...
--INFO (Sun 10.03.2019 at 01:14:46) : color: blue
--INFO (Sun 10.03.2019 at 01:14:47) : Updater loaded
--INFO (Sun 10.03.2019 at 01:14:48) : Launcher loaded
--INFO (Sun 10.03.2019 at 01:14:48) : Chat loaded
--INFO (Sun 10.03.2019 at 01:14:48) : Connected successfully to server!
--INFO (Sun 10.03.2019 at 01:14:49) : Launcher scene was set succefully in stage.
--INFO (Sun 10.03.2019 at 01:14:50) : Login authentication requested sucessfully
--INFO (Sun 10.03.2019 at 01:14:54) : Login authentication requested sucessfully
--INFO (Sun 10.03.2019 at 01:14:55) : Client could not login because This user is already logged in!
--INFO (Sun 10.03.2019 at 01:15:01) : Login authentication requested sucessfully
--INFO (Sun 10.03.2019 at 01:15:01) : Client could not login because Username or password incorrect!
--INFO (Sun 10.03.2019 at 01:15:05) : Login authentication requested sucessfully
--INFO (Sun 10.03.2019 at 01:15:05) : User: berunoxxx
--INFO (Sun 10.03.2019 at 01:15:05) : Started to loading the aplication with the detail of user.
--INFO (Sun 10.03.2019 at 01:15:06) : Updated scene succesfully to chat
--INFO (Sun 10.03.2019 at 01:15:06) : Loading the aplication with the detail of user terminated.
--INFO (Sun 10.03.2019 at 01:19:12) : Properties file 'config.properties' loaded
--FINE (Sun 10.03.2019 at 01:19:13) : Looking for property 'language'...
--INFO (Sun 10.03.2019 at 01:19:13) : language: en
--FINE (Sun 10.03.2019 at 01:19:13) : Looking for property 'color'...
--INFO (Sun 10.03.2019 at 01:19:13) : color: blue
--INFO (Sun 10.03.2019 at 01:19:13) : Updater loaded
--INFO (Sun 10.03.2019 at 01:19:14) : Launcher loaded
--INFO (Sun 10.03.2019 at 01:19:15) : Chat loaded
--INFO (Sun 10.03.2019 at 01:19:15) : Connected successfully to server!
--INFO (Sun 10.03.2019 at 01:19:19) : Launcher scene was set succefully in stage.
--INFO (Sun 10.03.2019 at 01:19:20) : Login authentication requested sucessfully
--INFO (Sun 10.03.2019 at 01:19:48) : Login authentication requested sucessfully
--INFO (Sun 10.03.2019 at 01:19:48) : User: berunoxxx
--INFO (Sun 10.03.2019 at 01:19:48) : Started to loading the aplication with the detail of user.
--INFO (Sun 10.03.2019 at 01:19:49) : Loading the aplication with the detail of user terminated.
--INFO (Sun 10.03.2019 at 01:19:49) : Updated scene succesfully to chat
--INFO (Sun 10.03.2019 at 01:21:10) : Properties file 'config.properties' loaded
--FINE (Sun 10.03.2019 at 01:21:10) : Looking for property 'language'...
--INFO (Sun 10.03.2019 at 01:21:10) : language: en
--FINE (Sun 10.03.2019 at 01:21:10) : Looking for property 'color'...
--INFO (Sun 10.03.2019 at 01:21:10) : color: blue
--INFO (Sun 10.03.2019 at 01:21:11) : Updater loaded
--INFO (Sun 10.03.2019 at 01:21:11) : Launcher loaded
--INFO (Sun 10.03.2019 at 01:21:12) : Chat loaded
--INFO (Sun 10.03.2019 at 01:21:12) : Connected successfully to server!
--INFO (Sun 10.03.2019 at 01:21:13) : Launcher scene was set succefully in stage.
--INFO (Sun 10.03.2019 at 01:21:14) : Login authentication requested sucessfully
--INFO (Sun 10.03.2019 at 01:21:18) : Login authentication requested sucessfully
--INFO (Sun 10.03.2019 at 01:21:18) : User: berunoxxx
--INFO (Sun 10.03.2019 at 01:21:18) : Started to loading the aplication with the detail of user.
--INFO (Sun 10.03.2019 at 01:21:18) : Loading the aplication with the detail of user terminated.
--INFO (Sun 10.03.2019 at 01:21:18) : Updated scene succesfully to chat
--INFO (Sun 10.03.2019 at 01:21:57) : Properties file 'config.properties' loaded
--FINE (Sun 10.03.2019 at 01:21:57) : Looking for property 'language'...
--INFO (Sun 10.03.2019 at 01:21:57) : language: en
--FINE (Sun 10.03.2019 at 01:21:57) : Looking for property 'color'...
--INFO (Sun 10.03.2019 at 01:21:57) : color: blue
--INFO (Sun 10.03.2019 at 01:21:57) : Updater loaded
--INFO (Sun 10.03.2019 at 01:21:58) : Launcher loaded
--INFO (Sun 10.03.2019 at 01:21:58) : Chat loaded
--INFO (Sun 10.03.2019 at 01:21:58) : Connected successfully to server!
--INFO (Sun 10.03.2019 at 01:21:59) : Launcher scene was set succefully in stage.
--INFO (Sun 10.03.2019 at 01:22:00) : Login authentication requested sucessfully
--INFO (Sun 10.03.2019 at 01:22:04) : Login authentication requested sucessfully
--INFO (Sun 10.03.2019 at 01:22:04) : User: berunoxxx
--INFO (Sun 10.03.2019 at 01:22:04) : Started to loading the aplication with the detail of user.
--INFO (Sun 10.03.2019 at 01:22:04) : Updated scene succesfully to chat
--INFO (Sun 10.03.2019 at 01:22:04) : Loading the aplication with the detail of user terminated.
--INFO (Sun 10.03.2019 at 01:24:09) : Properties file 'config.properties' loaded
--FINE (Sun 10.03.2019 at 01:24:09) : Looking for property 'language'...
--INFO (Sun 10.03.2019 at 01:24:10) : language: en
--FINE (Sun 10.03.2019 at 01:24:10) : Looking for property 'color'...
--INFO (Sun 10.03.2019 at 01:24:10) : color: blue
--INFO (Sun 10.03.2019 at 01:24:10) : Updater loaded
--INFO (Sun 10.03.2019 at 01:24:11) : Launcher loaded
--INFO (Sun 10.03.2019 at 01:24:11) : Chat loaded
--INFO (Sun 10.03.2019 at 01:24:11) : Connected successfully to server!
--INFO (Sun 10.03.2019 at 01:24:12) : Launcher scene was set succefully in stage.
--INFO (Sun 10.03.2019 at 01:24:13) : Login authentication requested sucessfully
--INFO (Sun 10.03.2019 at 01:24:17) : Login authentication requested sucessfully
--INFO (Sun 10.03.2019 at 01:24:17) : Client could not login because This user is already logged in!
--INFO (Sun 10.03.2019 at 01:24:21) : Login authentication requested sucessfully
--INFO (Sun 10.03.2019 at 01:24:21) : User: berunoxxx
--INFO (Sun 10.03.2019 at 01:24:21) : Started to loading the aplication with the detail of user.
--INFO (Sun 10.03.2019 at 01:24:21) : Loading the aplication with the detail of user terminated.
--INFO (Sun 10.03.2019 at 01:24:21) : Updated scene succesfully to chat
--INFO (Sun 10.03.2019 at 01:24:35) : Properties file 'config.properties' loaded
--FINE (Sun 10.03.2019 at 01:24:36) : Looking for property 'language'...
--INFO (Sun 10.03.2019 at 01:24:36) : language: en
--FINE (Sun 10.03.2019 at 01:24:36) : Looking for property 'color'...
--INFO (Sun 10.03.2019 at 01:24:36) : color: blue
--INFO (Sun 10.03.2019 at 01:24:36) : Updater loaded
--INFO (Sun 10.03.2019 at 01:24:37) : Launcher loaded
--INFO (Sun 10.03.2019 at 01:24:38) : Chat loaded
--INFO (Sun 10.03.2019 at 01:24:38) : Connected successfully to server!
--INFO (Sun 10.03.2019 at 01:24:38) : Launcher scene was set succefully in stage.
--INFO (Sun 10.03.2019 at 01:24:40) : Login authentication requested sucessfully
--INFO (Sun 10.03.2019 at 01:24:44) : Login authentication requested sucessfully
--INFO (Sun 10.03.2019 at 01:24:44) : User: berunoxxx
--INFO (Sun 10.03.2019 at 01:24:44) : Started to loading the aplication with the detail of user.
--INFO (Sun 10.03.2019 at 01:24:44) : Loading the aplication with the detail of user terminated.
--INFO (Sun 10.03.2019 at 01:24:44) : Updated scene succesfully to chat
--INFO (Mon 11.03.2019 at 08:49:38) : Properties file 'config.properties' loaded
--FINE (Mon 11.03.2019 at 08:49:39) : Looking for property 'language'...
--INFO (Mon 11.03.2019 at 08:49:39) : language: en
--FINE (Mon 11.03.2019 at 08:49:39) : Looking for property 'color'...
--INFO (Mon 11.03.2019 at 08:49:39) : color: blue
--INFO (Mon 11.03.2019 at 08:49:39) : Updater loaded
--INFO (Mon 11.03.2019 at 08:49:41) : Launcher loaded
--INFO (Mon 11.03.2019 at 08:49:42) : Chat loaded
--INFO (Mon 11.03.2019 at 08:49:42) : Connected successfully to server!
--INFO (Mon 11.03.2019 at 08:49:44) : Launcher scene was set succefully in stage.
--INFO (Mon 11.03.2019 at 08:49:46) : Login authentication requested sucessfully
--INFO (Mon 11.03.2019 at 08:49:52) : Login authentication requested sucessfully
--INFO (Mon 11.03.2019 at 08:49:53) : User: simon
--INFO (Mon 11.03.2019 at 08:49:53) : Started to loading the aplication with the detail of user.
--INFO (Mon 11.03.2019 at 08:49:53) : Updated scene succesfully to chat
--INFO (Mon 11.03.2019 at 08:49:53) : Loading the aplication with the detail of user terminated.
--INFO (Mon 11.03.2019 at 08:50:58) : Properties file 'config.properties' loaded
--FINE (Mon 11.03.2019 at 08:50:58) : Looking for property 'language'...
--INFO (Mon 11.03.2019 at 08:50:58) : language: en
--FINE (Mon 11.03.2019 at 08:50:58) : Looking for property 'color'...
--INFO (Mon 11.03.2019 at 08:50:58) : color: blue
--INFO (Mon 11.03.2019 at 08:50:58) : Updater loaded
--INFO (Mon 11.03.2019 at 08:50:59) : Launcher loaded
--INFO (Mon 11.03.2019 at 08:51:00) : Chat loaded
--INFO (Mon 11.03.2019 at 08:51:00) : Connected successfully to server!
--INFO (Mon 11.03.2019 at 08:51:00) : Launcher scene was set succefully in stage.
--INFO (Mon 11.03.2019 at 08:51:02) : Login authentication requested sucessfully
--INFO (Mon 11.03.2019 at 08:51:06) : Login authentication requested sucessfully
--INFO (Mon 11.03.2019 at 08:51:06) : User: simon
--INFO (Mon 11.03.2019 at 08:51:06) : Started to loading the aplication with the detail of user.
--INFO (Mon 11.03.2019 at 08:51:06) : Updated scene succesfully to chat
--INFO (Mon 11.03.2019 at 08:51:06) : Loading the aplication with the detail of user terminated.
--INFO (Mon 11.03.2019 at 08:52:11) : Properties file 'config.properties' loaded
--FINE (Mon 11.03.2019 at 08:52:11) : Looking for property 'language'...
--INFO (Mon 11.03.2019 at 08:52:11) : language: en
--FINE (Mon 11.03.2019 at 08:52:11) : Looking for property 'color'...
--INFO (Mon 11.03.2019 at 08:52:11) : color: blue
--INFO (Mon 11.03.2019 at 08:52:12) : Updater loaded
--INFO (Mon 11.03.2019 at 08:52:13) : Launcher loaded
--INFO (Mon 11.03.2019 at 08:52:13) : Chat loaded
--INFO (Mon 11.03.2019 at 08:52:13) : Connected successfully to server!
--INFO (Mon 11.03.2019 at 08:52:14) : Launcher scene was set succefully in stage.
--INFO (Mon 11.03.2019 at 08:52:15) : Login authentication requested sucessfully
--INFO (Mon 11.03.2019 at 08:52:19) : Login authentication requested sucessfully
--INFO (Mon 11.03.2019 at 08:52:19) : User: simon
--INFO (Mon 11.03.2019 at 08:52:19) : Started to loading the aplication with the detail of user.
--INFO (Mon 11.03.2019 at 08:52:19) : Loading the aplication with the detail of user terminated.
--INFO (Mon 11.03.2019 at 08:52:19) : Updated scene succesfully to chat
--INFO (Mon 11.03.2019 at 08:53:08) : Properties file 'config.properties' loaded
--FINE (Mon 11.03.2019 at 08:53:08) : Looking for property 'language'...
--INFO (Mon 11.03.2019 at 08:53:08) : language: en
--FINE (Mon 11.03.2019 at 08:53:08) : Looking for property 'color'...
--INFO (Mon 11.03.2019 at 08:53:08) : color: blue
--INFO (Mon 11.03.2019 at 08:53:09) : Updater loaded
--INFO (Mon 11.03.2019 at 08:53:10) : Launcher loaded
--INFO (Mon 11.03.2019 at 08:53:10) : Chat loaded
--INFO (Mon 11.03.2019 at 08:53:10) : Connected successfully to server!
--INFO (Mon 11.03.2019 at 08:53:11) : Launcher scene was set succefully in stage.
--INFO (Mon 11.03.2019 at 08:53:12) : Login authentication requested sucessfully
--INFO (Mon 11.03.2019 at 08:53:15) : Login authentication requested sucessfully
--INFO (Mon 11.03.2019 at 08:53:15) : User: simon
--INFO (Mon 11.03.2019 at 08:53:15) : Started to loading the aplication with the detail of user.
--INFO (Mon 11.03.2019 at 08:53:15) : Loading the aplication with the detail of user terminated.
--INFO (Mon 11.03.2019 at 08:53:15) : Updated scene succesfully to chat
--INFO (Mon 11.03.2019 at 08:55:43) : Properties file 'config.properties' loaded
--FINE (Mon 11.03.2019 at 08:55:43) : Looking for property 'language'...
--INFO (Mon 11.03.2019 at 08:55:43) : language: en
--FINE (Mon 11.03.2019 at 08:55:43) : Looking for property 'color'...
--INFO (Mon 11.03.2019 at 08:55:43) : color: blue
--INFO (Mon 11.03.2019 at 08:55:43) : Updater loaded
--INFO (Mon 11.03.2019 at 08:55:44) : Launcher loaded
--INFO (Mon 11.03.2019 at 08:55:45) : Chat loaded
--INFO (Mon 11.03.2019 at 08:55:45) : Connected successfully to server!
--INFO (Mon 11.03.2019 at 08:55:45) : Launcher scene was set succefully in stage.
--INFO (Mon 11.03.2019 at 08:55:46) : Login authentication requested sucessfully
--INFO (Mon 11.03.2019 at 08:55:50) : Login authentication requested sucessfully
--INFO (Mon 11.03.2019 at 08:55:50) : User: simon
--INFO (Mon 11.03.2019 at 08:55:50) : Started to loading the aplication with the detail of user.
--INFO (Mon 11.03.2019 at 08:55:50) : Loading the aplication with the detail of user terminated.
--INFO (Mon 11.03.2019 at 08:55:50) : Updated scene succesfully to chat
--INFO (Mon 11.03.2019 at 08:56:27) : Properties file 'config.properties' loaded
--FINE (Mon 11.03.2019 at 08:56:28) : Looking for property 'language'...
--INFO (Mon 11.03.2019 at 08:56:28) : language: en
--FINE (Mon 11.03.2019 at 08:56:28) : Looking for property 'color'...
--INFO (Mon 11.03.2019 at 08:56:28) : color: red
--INFO (Mon 11.03.2019 at 08:56:28) : Updater loaded
--INFO (Mon 11.03.2019 at 08:56:29) : Launcher loaded
--INFO (Mon 11.03.2019 at 08:56:29) : Chat loaded
--INFO (Mon 11.03.2019 at 08:56:29) : Connected successfully to server!
--INFO (Mon 11.03.2019 at 08:56:30) : Launcher scene was set succefully in stage.
--INFO (Mon 11.03.2019 at 08:56:31) : Login authentication requested sucessfully
--INFO (Mon 11.03.2019 at 08:56:35) : Login authentication requested sucessfully
--INFO (Mon 11.03.2019 at 08:56:35) : User: simon
--INFO (Mon 11.03.2019 at 08:56:35) : Started to loading the aplication with the detail of user.
--INFO (Mon 11.03.2019 at 08:56:35) : Loading the aplication with the detail of user terminated.
--INFO (Mon 11.03.2019 at 08:56:35) : Updated scene succesfully to chat
--INFO (Mon 11.03.2019 at 08:56:54) : Properties file 'config.properties' loaded
--FINE (Mon 11.03.2019 at 08:56:54) : Looking for property 'language'...
--INFO (Mon 11.03.2019 at 08:56:54) : language: en
--FINE (Mon 11.03.2019 at 08:56:54) : Looking for property 'color'...
--INFO (Mon 11.03.2019 at 08:56:54) : color: blue
--INFO (Mon 11.03.2019 at 08:56:55) : Updater loaded
--INFO (Mon 11.03.2019 at 08:56:56) : Launcher loaded
--INFO (Mon 11.03.2019 at 08:56:56) : Chat loaded
--INFO (Mon 11.03.2019 at 08:56:56) : Connected successfully to server!
--INFO (Mon 11.03.2019 at 08:56:57) : Launcher scene was set succefully in stage.
--INFO (Mon 11.03.2019 at 08:56:58) : Login authentication requested sucessfully
--INFO (Mon 11.03.2019 at 08:57:02) : Login authentication requested sucessfully
--INFO (Mon 11.03.2019 at 08:57:02) : User: simon
--INFO (Mon 11.03.2019 at 08:57:02) : Started to loading the aplication with the detail of user.
--INFO (Mon 11.03.2019 at 08:57:02) : Loading the aplication with the detail of user terminated.
--INFO (Mon 11.03.2019 at 08:57:02) : Updated scene succesfully to chat
--INFO (Mon 11.03.2019 at 08:57:11) : Properties file 'config.properties' loaded
--FINE (Mon 11.03.2019 at 08:57:11) : Looking for property 'language'...
--INFO (Mon 11.03.2019 at 08:57:11) : language: en
--FINE (Mon 11.03.2019 at 08:57:11) : Looking for property 'color'...
--INFO (Mon 11.03.2019 at 08:57:11) : color: red
--INFO (Mon 11.03.2019 at 08:57:12) : Updater loaded
--INFO (Mon 11.03.2019 at 08:57:13) : Launcher loaded
--INFO (Mon 11.03.2019 at 08:57:13) : Chat loaded
--INFO (Mon 11.03.2019 at 08:57:13) : Connected successfully to server!
--INFO (Mon 11.03.2019 at 08:57:14) : Launcher scene was set succefully in stage.
--INFO (Mon 11.03.2019 at 08:57:15) : Login authentication requested sucessfully
--INFO (Mon 11.03.2019 at 08:57:18) : Login authentication requested sucessfully
--INFO (Mon 11.03.2019 at 08:57:18) : User: simon
--INFO (Mon 11.03.2019 at 08:57:18) : Started to loading the aplication with the detail of user.
--INFO (Mon 11.03.2019 at 08:57:18) : Loading the aplication with the detail of user terminated.
--INFO (Mon 11.03.2019 at 08:57:19) : Updated scene succesfully to chat
--INFO (Mon 11.03.2019 at 09:03:25) : Properties file 'config.properties' loaded
--FINE (Mon 11.03.2019 at 09:03:25) : Looking for property 'language'...
--INFO (Mon 11.03.2019 at 09:03:25) : language: en
--FINE (Mon 11.03.2019 at 09:03:25) : Looking for property 'color'...
--INFO (Mon 11.03.2019 at 09:03:25) : color: red
--INFO (Mon 11.03.2019 at 09:03:26) : Updater loaded
--INFO (Mon 11.03.2019 at 09:03:27) : Launcher loaded
--INFO (Mon 11.03.2019 at 09:03:27) : Chat loaded
--INFO (Mon 11.03.2019 at 09:03:27) : Connected successfully to server!
--INFO (Mon 11.03.2019 at 09:03:27) : Launcher scene was set succefully in stage.
--INFO (Mon 11.03.2019 at 09:03:29) : Login authentication requested sucessfully
--INFO (Wed 13.03.2019 at 09:34:31) : Properties file 'config.properties' loaded
--FINE (Wed 13.03.2019 at 09:34:31) : Looking for property 'language'...
--INFO (Wed 13.03.2019 at 09:34:31) : language: en
--FINE (Wed 13.03.2019 at 09:34:31) : Looking for property 'color'...
--INFO (Wed 13.03.2019 at 09:34:31) : color: red
--INFO (Wed 13.03.2019 at 09:34:31) : Updater loaded
--INFO (Wed 13.03.2019 at 09:34:33) : Launcher loaded
--INFO (Wed 13.03.2019 at 09:34:33) : Chat loaded
--INFO (Wed 13.03.2019 at 09:34:33) : Connected successfully to server!
--INFO (Wed 13.03.2019 at 09:34:36) : Launcher scene was set succefully in stage.
--INFO (Wed 13.03.2019 at 09:34:36) : Login authentication requested sucessfully
--INFO (Wed 13.03.2019 at 09:34:41) : Login authentication requested sucessfully
--INFO (Wed 13.03.2019 at 09:34:43) : User: simon
--INFO (Wed 13.03.2019 at 09:34:43) : Started to loading the aplication with the detail of user.
--INFO (Wed 13.03.2019 at 09:34:43) : Loading the aplication with the detail of user terminated.
--INFO (Wed 13.03.2019 at 09:34:43) : Updated scene succesfully to chat
--INFO (Wed 13.03.2019 at 09:41:43) : Properties file 'config.properties' loaded
--FINE (Wed 13.03.2019 at 09:41:43) : Looking for property 'language'...
--INFO (Wed 13.03.2019 at 09:41:43) : language: en
--FINE (Wed 13.03.2019 at 09:41:43) : Looking for property 'color'...
--INFO (Wed 13.03.2019 at 09:41:43) : color: blue
--INFO (Wed 13.03.2019 at 09:41:44) : Updater loaded
--INFO (Wed 13.03.2019 at 09:41:45) : Launcher loaded
--INFO (Wed 13.03.2019 at 09:41:46) : Chat loaded
--INFO (Wed 13.03.2019 at 09:41:46) : Connected successfully to server!
--INFO (Wed 13.03.2019 at 09:41:47) : Launcher scene was set succefully in stage.
--INFO (Wed 13.03.2019 at 09:41:48) : Login authentication requested sucessfully
--INFO (Wed 13.03.2019 at 09:41:51) : Login authentication requested sucessfully
--INFO (Wed 13.03.2019 at 09:41:51) : User: simon
--INFO (Wed 13.03.2019 at 09:41:51) : Started to loading the aplication with the detail of user.
--INFO (Wed 13.03.2019 at 09:41:51) : Loading the aplication with the detail of user terminated.
--INFO (Wed 13.03.2019 at 09:41:52) : Updated scene succesfully to chat
--INFO (Wed 13.03.2019 at 09:44:29) : Properties file 'config.properties' loaded
--FINE (Wed 13.03.2019 at 09:44:30) : Looking for property 'language'...
--INFO (Wed 13.03.2019 at 09:44:30) : language: en
--FINE (Wed 13.03.2019 at 09:44:30) : Looking for property 'color'...
--INFO (Wed 13.03.2019 at 09:44:30) : color: blue
--INFO (Wed 13.03.2019 at 09:44:30) : Updater loaded
--INFO (Wed 13.03.2019 at 09:44:31) : Launcher loaded
--INFO (Wed 13.03.2019 at 09:44:31) : Chat loaded
--INFO (Wed 13.03.2019 at 09:44:31) : Connected successfully to server!
--INFO (Wed 13.03.2019 at 09:44:32) : Launcher scene was set succefully in stage.
--INFO (Wed 13.03.2019 at 09:44:33) : Login authentication requested sucessfully
--INFO (Wed 13.03.2019 at 09:44:37) : Login authentication requested sucessfully
--INFO (Wed 13.03.2019 at 09:44:37) : User: simon
--INFO (Wed 13.03.2019 at 09:44:37) : Started to loading the aplication with the detail of user.
--INFO (Wed 13.03.2019 at 09:44:37) : Updated scene succesfully to chat
--INFO (Wed 13.03.2019 at 09:44:37) : Loading the aplication with the detail of user terminated.
--INFO (Wed 13.03.2019 at 09:47:59) : Properties file 'config.properties' loaded
--FINE (Wed 13.03.2019 at 09:47:59) : Looking for property 'language'...
--INFO (Wed 13.03.2019 at 09:47:59) : language: en
--FINE (Wed 13.03.2019 at 09:47:59) : Looking for property 'color'...
--INFO (Wed 13.03.2019 at 09:47:59) : color: blue
--INFO (Wed 13.03.2019 at 09:48:00) : Updater loaded
--INFO (Wed 13.03.2019 at 09:48:01) : Launcher loaded
--INFO (Wed 13.03.2019 at 09:48:01) : Chat loaded
--INFO (Wed 13.03.2019 at 09:48:01) : Connected successfully to server!
--INFO (Wed 13.03.2019 at 09:48:02) : Launcher scene was set succefully in stage.
--INFO (Wed 13.03.2019 at 09:48:03) : Login authentication requested sucessfully
--INFO (Wed 13.03.2019 at 09:48:06) : Login authentication requested sucessfully
--INFO (Wed 13.03.2019 at 09:48:06) : Client could not login because This user is already logged in!
--INFO (Wed 13.03.2019 at 09:48:11) : Login authentication requested sucessfully
--INFO (Wed 13.03.2019 at 09:48:11) : User: berunoxxx
--INFO (Wed 13.03.2019 at 09:48:11) : Started to loading the aplication with the detail of user.
--INFO (Wed 13.03.2019 at 09:48:11) : Loading the aplication with the detail of user terminated.
--INFO (Wed 13.03.2019 at 09:48:11) : Updated scene succesfully to chat
--INFO (Wed 13.03.2019 at 09:50:57) : Properties file 'config.properties' loaded
--FINE (Wed 13.03.2019 at 09:50:57) : Looking for property 'language'...
--INFO (Wed 13.03.2019 at 09:50:57) : language: en
--FINE (Wed 13.03.2019 at 09:50:57) : Looking for property 'color'...
--INFO (Wed 13.03.2019 at 09:50:57) : color: blue
--INFO (Wed 13.03.2019 at 09:50:57) : Updater loaded
--INFO (Wed 13.03.2019 at 09:50:58) : Launcher loaded
--INFO (Wed 13.03.2019 at 09:50:58) : Chat loaded
--INFO (Wed 13.03.2019 at 09:50:59) : Connected successfully to server!
--INFO (Wed 13.03.2019 at 09:50:59) : Launcher scene was set succefully in stage.
--INFO (Wed 13.03.2019 at 09:51:00) : Login authentication requested sucessfully
--INFO (Wed 13.03.2019 at 09:51:10) : Login authentication requested sucessfully
--INFO (Wed 13.03.2019 at 09:51:10) : User: simon
--INFO (Wed 13.03.2019 at 09:51:10) : Started to loading the aplication with the detail of user.
--INFO (Wed 13.03.2019 at 09:51:10) : Loading the aplication with the detail of user terminated.
--INFO (Wed 13.03.2019 at 09:51:10) : Updated scene succesfully to chat
--INFO (Wed 13.03.2019 at 09:52:09) : Properties file 'config.properties' loaded
--FINE (Wed 13.03.2019 at 09:52:09) : Looking for property 'language'...
--INFO (Wed 13.03.2019 at 09:52:09) : language: en
--FINE (Wed 13.03.2019 at 09:52:09) : Looking for property 'color'...
--INFO (Wed 13.03.2019 at 09:52:09) : color: blue
--INFO (Wed 13.03.2019 at 09:52:09) : Updater loaded
--INFO (Wed 13.03.2019 at 09:52:10) : Launcher loaded
--INFO (Wed 13.03.2019 at 09:52:11) : Chat loaded
--INFO (Wed 13.03.2019 at 09:52:11) : Connected successfully to server!
--INFO (Wed 13.03.2019 at 09:52:11) : Launcher scene was set succefully in stage.
--INFO (Wed 13.03.2019 at 09:52:13) : Login authentication requested sucessfully
--INFO (Wed 13.03.2019 at 09:52:16) : Login authentication requested sucessfully
--INFO (Wed 13.03.2019 at 09:52:16) : User: simon
--INFO (Wed 13.03.2019 at 09:52:16) : Started to loading the aplication with the detail of user.
--INFO (Wed 13.03.2019 at 09:52:16) : Loading the aplication with the detail of user terminated.
--INFO (Wed 13.03.2019 at 09:52:16) : Updated scene succesfully to chat
--INFO (Wed 13.03.2019 at 09:54:45) : Properties file 'config.properties' loaded
--FINE (Wed 13.03.2019 at 09:54:45) : Looking for property 'language'...
--INFO (Wed 13.03.2019 at 09:54:45) : language: en
--FINE (Wed 13.03.2019 at 09:54:45) : Looking for property 'color'...
--INFO (Wed 13.03.2019 at 09:54:46) : color: blue
--INFO (Wed 13.03.2019 at 09:54:46) : Updater loaded
--INFO (Wed 13.03.2019 at 09:54:47) : Launcher loaded
--INFO (Wed 13.03.2019 at 09:54:47) : Chat loaded
--INFO (Wed 13.03.2019 at 09:54:47) : Connected successfully to server!
--INFO (Wed 13.03.2019 at 09:54:48) : Launcher scene was set succefully in stage.
--INFO (Wed 13.03.2019 at 09:54:49) : Login authentication requested sucessfully
--INFO (Wed 13.03.2019 at 09:54:53) : Login authentication requested sucessfully
--INFO (Wed 13.03.2019 at 09:54:53) : Client could not login because Username or password incorrect!
--INFO (Wed 13.03.2019 at 09:54:57) : Login authentication requested sucessfully
--INFO (Wed 13.03.2019 at 09:54:57) : User: berunoxxx
--INFO (Wed 13.03.2019 at 09:54:57) : Started to loading the aplication with the detail of user.
--INFO (Wed 13.03.2019 at 09:54:57) : Loading the aplication with the detail of user terminated.
--INFO (Wed 13.03.2019 at 09:54:57) : Updated scene succesfully to chat
--INFO (Wed 13.03.2019 at 09:56:58) : Properties file 'config.properties' loaded
--FINE (Wed 13.03.2019 at 09:56:58) : Looking for property 'language'...
--INFO (Wed 13.03.2019 at 09:56:58) : language: en
--FINE (Wed 13.03.2019 at 09:56:58) : Looking for property 'color'...
--INFO (Wed 13.03.2019 at 09:56:58) : color: blue
--INFO (Wed 13.03.2019 at 09:56:58) : Updater loaded
--INFO (Wed 13.03.2019 at 09:56:59) : Launcher loaded
--INFO (Wed 13.03.2019 at 09:56:59) : Chat loaded
--INFO (Wed 13.03.2019 at 09:56:59) : Connected successfully to server!
--INFO (Wed 13.03.2019 at 09:57:00) : Launcher scene was set succefully in stage.
--INFO (Wed 13.03.2019 at 09:57:01) : Login authentication requested sucessfully
--INFO (Wed 13.03.2019 at 09:57:07) : Login authentication requested sucessfully
--INFO (Wed 13.03.2019 at 09:57:07) : User: berunoxxx
--INFO (Wed 13.03.2019 at 09:57:07) : Started to loading the aplication with the detail of user.
--INFO (Wed 13.03.2019 at 09:57:07) : Loading the aplication with the detail of user terminated.
--INFO (Wed 13.03.2019 at 09:57:07) : Updated scene succesfully to chat
--INFO (Wed 13.03.2019 at 09:58:26) : Properties file 'config.properties' loaded
--FINE (Wed 13.03.2019 at 09:58:26) : Looking for property 'language'...
--INFO (Wed 13.03.2019 at 09:58:26) : language: en
--FINE (Wed 13.03.2019 at 09:58:26) : Looking for property 'color'...
--INFO (Wed 13.03.2019 at 09:58:26) : color: blue
--INFO (Wed 13.03.2019 at 09:58:27) : Updater loaded
--INFO (Wed 13.03.2019 at 09:58:28) : Launcher loaded
--INFO (Wed 13.03.2019 at 09:58:28) : Chat loaded
--INFO (Wed 13.03.2019 at 09:58:28) : Connected successfully to server!
--INFO (Wed 13.03.2019 at 09:58:28) : Launcher scene was set succefully in stage.
--INFO (Wed 13.03.2019 at 09:58:30) : Login authentication requested sucessfully
--INFO (Wed 13.03.2019 at 09:58:34) : Login authentication requested sucessfully
--INFO (Wed 13.03.2019 at 09:58:34) : User: berunoxxx
--INFO (Wed 13.03.2019 at 09:58:34) : Started to loading the aplication with the detail of user.
--INFO (Wed 13.03.2019 at 09:58:34) : Loading the aplication with the detail of user terminated.
--INFO (Wed 13.03.2019 at 09:58:34) : Updated scene succesfully to chat
--INFO (Wed 13.03.2019 at 10:09:12) : Properties file 'config.properties' loaded
--FINE (Wed 13.03.2019 at 10:09:12) : Looking for property 'language'...
--INFO (Wed 13.03.2019 at 10:09:12) : language: en
--FINE (Wed 13.03.2019 at 10:09:12) : Looking for property 'color'...
--INFO (Wed 13.03.2019 at 10:09:12) : color: blue
--INFO (Wed 13.03.2019 at 10:09:13) : Updater loaded
--INFO (Wed 13.03.2019 at 10:09:14) : Launcher loaded
--INFO (Wed 13.03.2019 at 10:09:14) : Chat loaded
--INFO (Wed 13.03.2019 at 10:09:14) : Connected successfully to server!
--INFO (Wed 13.03.2019 at 10:09:15) : Launcher scene was set succefully in stage.
--INFO (Wed 13.03.2019 at 10:09:16) : Login authentication requested sucessfully
--INFO (Wed 13.03.2019 at 10:09:23) : Login authentication requested sucessfully
--INFO (Wed 13.03.2019 at 10:09:23) : User: berunoxxx
--INFO (Wed 13.03.2019 at 10:09:23) : Started to loading the aplication with the detail of user.
--INFO (Wed 13.03.2019 at 10:09:23) : Loading the aplication with the detail of user terminated.
--INFO (Wed 13.03.2019 at 10:09:24) : Updated scene succesfully to chat
--INFO (Wed 13.03.2019 at 10:11:41) : Properties file 'config.properties' loaded
--FINE (Wed 13.03.2019 at 10:11:41) : Looking for property 'language'...
--INFO (Wed 13.03.2019 at 10:11:41) : language: en
--FINE (Wed 13.03.2019 at 10:11:41) : Looking for property 'color'...
--INFO (Wed 13.03.2019 at 10:11:41) : color: blue
--INFO (Wed 13.03.2019 at 10:11:42) : Updater loaded
--INFO (Wed 13.03.2019 at 10:12:06) : Properties file 'config.properties' loaded
--FINE (Wed 13.03.2019 at 10:12:06) : Looking for property 'language'...
--INFO (Wed 13.03.2019 at 10:12:06) : language: en
--FINE (Wed 13.03.2019 at 10:12:06) : Looking for property 'color'...
--INFO (Wed 13.03.2019 at 10:12:06) : color: red
--INFO (Wed 13.03.2019 at 10:12:06) : Updater loaded
--INFO (Wed 13.03.2019 at 10:12:07) : Launcher loaded
--INFO (Wed 13.03.2019 at 10:12:08) : Chat loaded
--INFO (Wed 13.03.2019 at 10:12:08) : Connected successfully to server!
--INFO (Wed 13.03.2019 at 10:12:08) : Launcher scene was set succefully in stage.
--INFO (Wed 13.03.2019 at 10:12:09) : Login authentication requested sucessfully
--INFO (Wed 13.03.2019 at 10:12:13) : Login authentication requested sucessfully
--INFO (Wed 13.03.2019 at 10:12:13) : User: simon
--INFO (Wed 13.03.2019 at 10:12:13) : Started to loading the aplication with the detail of user.
--INFO (Wed 13.03.2019 at 10:12:13) : Loading the aplication with the detail of user terminated.
--INFO (Wed 13.03.2019 at 10:12:13) : Updated scene succesfully to chat
--INFO (Wed 13.03.2019 at 10:13:22) : Properties file 'config.properties' loaded
--FINE (Wed 13.03.2019 at 10:13:22) : Looking for property 'language'...
--INFO (Wed 13.03.2019 at 10:13:22) : language: en
--FINE (Wed 13.03.2019 at 10:13:22) : Looking for property 'color'...
--INFO (Wed 13.03.2019 at 10:13:22) : color: red
--INFO (Wed 13.03.2019 at 10:13:22) : Updater loaded
--INFO (Wed 13.03.2019 at 10:13:23) : Launcher loaded
--INFO (Wed 13.03.2019 at 10:13:23) : Chat loaded
--INFO (Wed 13.03.2019 at 10:13:24) : Connected successfully to server!
--INFO (Wed 13.03.2019 at 10:13:24) : Launcher scene was set succefully in stage.
--INFO (Wed 13.03.2019 at 10:13:26) : Login authentication requested sucessfully
--INFO (Wed 13.03.2019 at 10:13:29) : Login authentication requested sucessfully
--INFO (Wed 13.03.2019 at 10:13:29) : User: berunoxxx
--INFO (Wed 13.03.2019 at 10:13:29) : Started to loading the aplication with the detail of user.
--INFO (Wed 13.03.2019 at 10:13:29) : Loading the aplication with the detail of user terminated.
--INFO (Wed 13.03.2019 at 10:13:30) : Updated scene succesfully to chat
--INFO (Wed 13.03.2019 at 10:16:35) : Properties file 'config.properties' loaded
--INFO (Wed 13.03.2019 at 10:16:59) : Properties file 'config.properties' loaded
--FINE (Wed 13.03.2019 at 10:16:59) : Looking for property 'language'...
--INFO (Wed 13.03.2019 at 10:16:59) : language: en
--FINE (Wed 13.03.2019 at 10:16:59) : Looking for property 'color'...
--INFO (Wed 13.03.2019 at 10:16:59) : color: red
--INFO (Wed 13.03.2019 at 10:17:00) : Updater loaded
--INFO (Wed 13.03.2019 at 10:17:02) : Launcher loaded
--INFO (Wed 13.03.2019 at 10:17:02) : Chat loaded
--INFO (Wed 13.03.2019 at 10:17:02) : Connected successfully to server!
--INFO (Wed 13.03.2019 at 10:17:03) : Launcher scene was set succefully in stage.
--INFO (Wed 13.03.2019 at 10:17:04) : Login authentication requested sucessfully
--INFO (Wed 13.03.2019 at 10:17:07) : Login authentication requested sucessfully
--INFO (Wed 13.03.2019 at 10:17:07) : User: simon
--INFO (Wed 13.03.2019 at 10:17:07) : Started to loading the aplication with the detail of user.
--INFO (Wed 13.03.2019 at 10:17:07) : Loading the aplication with the detail of user terminated.
--INFO (Wed 13.03.2019 at 10:17:07) : Updated scene succesfully to chat
--INFO (Wed 13.03.2019 at 10:18:09) : Properties file 'config.properties' loaded
--FINE (Wed 13.03.2019 at 10:18:09) : Looking for property 'language'...
--INFO (Wed 13.03.2019 at 10:18:09) : language: en
--FINE (Wed 13.03.2019 at 10:18:09) : Looking for property 'color'...
--INFO (Wed 13.03.2019 at 10:18:09) : color: red
--INFO (Wed 13.03.2019 at 10:18:09) : Updater loaded
--INFO (Wed 13.03.2019 at 10:18:09) : Properties file 'config.properties' loaded
--FINE (Wed 13.03.2019 at 10:18:10) : Looking for property 'language'...
--INFO (Wed 13.03.2019 at 10:18:10) : language: en
--FINE (Wed 13.03.2019 at 10:18:10) : Looking for property 'color'...
--INFO (Wed 13.03.2019 at 10:18:10) : color: red
--INFO (Wed 13.03.2019 at 10:18:10) : Updater loaded
--INFO (Wed 13.03.2019 at 10:18:11) : Launcher loaded
--INFO (Wed 13.03.2019 at 10:18:11) : Chat loaded
--INFO (Wed 13.03.2019 at 10:18:11) : Connected successfully to server!
--INFO (Wed 13.03.2019 at 10:18:12) : Launcher loaded
--INFO (Wed 13.03.2019 at 10:18:12) : Launcher scene was set succefully in stage.
--INFO (Wed 13.03.2019 at 10:18:13) : Chat loaded
--INFO (Wed 13.03.2019 at 10:18:13) : Connected successfully to server!
--INFO (Wed 13.03.2019 at 10:18:13) : Launcher scene was set succefully in stage.
--INFO (Wed 13.03.2019 at 10:18:13) : Login authentication requested sucessfully
--INFO (Wed 13.03.2019 at 10:18:15) : Login authentication requested sucessfully
--INFO (Wed 13.03.2019 at 10:18:18) : Login authentication requested sucessfully
--INFO (Wed 13.03.2019 at 10:18:18) : User: simon
--INFO (Wed 13.03.2019 at 10:18:18) : Started to loading the aplication with the detail of user.
--INFO (Wed 13.03.2019 at 10:18:18) : Loading the aplication with the detail of user terminated.
--INFO (Wed 13.03.2019 at 10:18:18) : Updated scene succesfully to chat
--INFO (Wed 13.03.2019 at 10:18:23) : Login authentication requested sucessfully
--INFO (Wed 13.03.2019 at 10:18:23) : User: berunoxxx
--INFO (Wed 13.03.2019 at 10:18:23) : Started to loading the aplication with the detail of user.
--INFO (Wed 13.03.2019 at 10:18:23) : Loading the aplication with the detail of user terminated.
--INFO (Wed 13.03.2019 at 10:18:23) : Updated scene succesfully to chat
--INFO (Wed 13.03.2019 at 10:20:13) : Properties file 'config.properties' loaded
--FINE (Wed 13.03.2019 at 10:20:13) : Looking for property 'language'...
--INFO (Wed 13.03.2019 at 10:20:13) : language: en
--FINE (Wed 13.03.2019 at 10:20:13) : Looking for property 'color'...
--INFO (Wed 13.03.2019 at 10:20:13) : color: red
--INFO (Wed 13.03.2019 at 10:20:13) : Updater loaded
--INFO (Wed 13.03.2019 at 10:20:14) : Launcher loaded
--INFO (Wed 13.03.2019 at 10:20:15) : Chat loaded
--INFO (Wed 13.03.2019 at 10:20:15) : Connected successfully to server!
--INFO (Wed 13.03.2019 at 10:20:15) : Launcher scene was set succefully in stage.
--INFO (Wed 13.03.2019 at 10:20:48) : Properties file 'config.properties' loaded
--FINE (Wed 13.03.2019 at 10:20:48) : Looking for property 'language'...
--INFO (Wed 13.03.2019 at 10:20:48) : language: en
--FINE (Wed 13.03.2019 at 10:20:48) : Looking for property 'color'...
--INFO (Wed 13.03.2019 at 10:20:48) : color: red
--INFO (Wed 13.03.2019 at 10:20:49) : Updater loaded
--INFO (Wed 13.03.2019 at 10:20:50) : Launcher loaded
--INFO (Wed 13.03.2019 at 10:20:50) : Chat loaded
--INFO (Wed 13.03.2019 at 10:20:50) : Connected successfully to server!
--INFO (Wed 13.03.2019 at 10:20:50) : Launcher scene was set succefully in stage.
--INFO (Wed 13.03.2019 at 10:20:52) : Login authentication requested sucessfully
--INFO (Wed 13.03.2019 at 10:20:55) : Login authentication requested sucessfully
--INFO (Wed 13.03.2019 at 10:20:55) : User: simon
--INFO (Wed 13.03.2019 at 10:20:55) : Started to loading the aplication with the detail of user.
--INFO (Wed 13.03.2019 at 10:20:55) : Loading the aplication with the detail of user terminated.
--INFO (Wed 13.03.2019 at 10:20:55) : Updated scene succesfully to chat
--INFO (Wed 13.03.2019 at 10:22:18) : Properties file 'config.properties' loaded
--FINE (Wed 13.03.2019 at 10:22:18) : Looking for property 'language'...
--INFO (Wed 13.03.2019 at 10:22:18) : language: en
--FINE (Wed 13.03.2019 at 10:22:18) : Looking for property 'color'...
--INFO (Wed 13.03.2019 at 10:22:18) : color: red
--INFO (Wed 13.03.2019 at 10:22:18) : Updater loaded
--INFO (Wed 13.03.2019 at 10:22:19) : Launcher loaded
--INFO (Wed 13.03.2019 at 10:22:19) : Chat loaded
--INFO (Wed 13.03.2019 at 10:22:19) : Connected successfully to server!
--INFO (Wed 13.03.2019 at 10:22:20) : Launcher scene was set succefully in stage.
--INFO (Wed 13.03.2019 at 10:22:21) : Login authentication requested sucessfully
--INFO (Wed 13.03.2019 at 10:22:25) : Login authentication requested sucessfully
--INFO (Wed 13.03.2019 at 10:22:25) : User: simon
--INFO (Wed 13.03.2019 at 10:22:25) : Started to loading the aplication with the detail of user.
--INFO (Wed 13.03.2019 at 10:22:25) : Loading the aplication with the detail of user terminated.
--INFO (Wed 13.03.2019 at 10:22:25) : Updated scene succesfully to chat
--INFO (Wed 13.03.2019 at 10:24:31) : Properties file 'config.properties' loaded
--FINE (Wed 13.03.2019 at 10:24:32) : Looking for property 'language'...
--INFO (Wed 13.03.2019 at 10:24:32) : language: en
--FINE (Wed 13.03.2019 at 10:24:32) : Looking for property 'color'...
--INFO (Wed 13.03.2019 at 10:24:32) : color: red
--INFO (Wed 13.03.2019 at 10:24:32) : Updater loaded
--INFO (Wed 13.03.2019 at 10:24:33) : Launcher loaded
--INFO (Wed 13.03.2019 at 10:24:33) : Chat loaded
--INFO (Wed 13.03.2019 at 10:24:33) : Connected successfully to server!
--INFO (Wed 13.03.2019 at 10:24:34) : Launcher scene was set succefully in stage.
--INFO (Wed 13.03.2019 at 10:24:35) : Login authentication requested sucessfully
--INFO (Wed 13.03.2019 at 10:25:49) : Login authentication requested sucessfully
--INFO (Wed 13.03.2019 at 10:25:49) : User: simon
--INFO (Wed 13.03.2019 at 10:25:49) : Started to loading the aplication with the detail of user.
--INFO (Wed 13.03.2019 at 10:25:49) : Loading the aplication with the detail of user terminated.
--INFO (Wed 13.03.2019 at 10:25:50) : Updated scene succesfully to chat
--INFO (Wed 13.03.2019 at 10:26:32) : Properties file 'config.properties' loaded
--FINE (Wed 13.03.2019 at 10:26:32) : Looking for property 'language'...
--INFO (Wed 13.03.2019 at 10:26:32) : language: en
--FINE (Wed 13.03.2019 at 10:26:32) : Looking for property 'color'...
--INFO (Wed 13.03.2019 at 10:26:32) : color: red
--INFO (Wed 13.03.2019 at 10:26:33) : Updater loaded
--INFO (Wed 13.03.2019 at 10:26:34) : Launcher loaded
--INFO (Wed 13.03.2019 at 10:26:34) : Chat loaded
--INFO (Wed 13.03.2019 at 10:26:34) : Connected successfully to server!
--INFO (Wed 13.03.2019 at 10:26:35) : Launcher scene was set succefully in stage.
--INFO (Wed 13.03.2019 at 10:26:36) : Login authentication requested sucessfully
--INFO (Wed 13.03.2019 at 10:26:40) : Login authentication requested sucessfully
--INFO (Wed 13.03.2019 at 10:26:40) : User: simon
--INFO (Wed 13.03.2019 at 10:26:40) : Started to loading the aplication with the detail of user.
--INFO (Wed 13.03.2019 at 10:26:40) : Loading the aplication with the detail of user terminated.
--INFO (Wed 13.03.2019 at 10:26:40) : Updated scene succesfully to chat
--INFO (Wed 13.03.2019 at 10:27:10) : Properties file 'config.properties' loaded
--FINE (Wed 13.03.2019 at 10:27:10) : Looking for property 'language'...
--INFO (Wed 13.03.2019 at 10:27:10) : language: en
--FINE (Wed 13.03.2019 at 10:27:10) : Looking for property 'color'...
--INFO (Wed 13.03.2019 at 10:27:10) : color: red
--INFO (Wed 13.03.2019 at 10:27:10) : Updater loaded
--INFO (Wed 13.03.2019 at 10:27:11) : Launcher loaded
--INFO (Wed 13.03.2019 at 10:27:11) : Chat loaded
--INFO (Wed 13.03.2019 at 10:27:11) : Connected successfully to server!
--INFO (Wed 13.03.2019 at 10:27:12) : Launcher scene was set succefully in stage.
--INFO (Wed 13.03.2019 at 10:27:13) : Login authentication requested sucessfully
--INFO (Wed 13.03.2019 at 10:27:17) : Login authentication requested sucessfully
--INFO (Wed 13.03.2019 at 10:27:17) : User: berunoxxx
--INFO (Wed 13.03.2019 at 10:27:17) : Started to loading the aplication with the detail of user.
--INFO (Wed 13.03.2019 at 10:27:17) : Loading the aplication with the detail of user terminated.
--INFO (Wed 13.03.2019 at 10:27:17) : Updated scene succesfully to chat
--INFO (Wed 13.03.2019 at 10:29:22) : Properties file 'config.properties' loaded
--FINE (Wed 13.03.2019 at 10:29:23) : Looking for property 'language'...
--INFO (Wed 13.03.2019 at 10:29:23) : language: en
--FINE (Wed 13.03.2019 at 10:29:23) : Looking for property 'color'...
--INFO (Wed 13.03.2019 at 10:29:23) : color: red
--INFO (Wed 13.03.2019 at 10:29:23) : Updater loaded
--INFO (Wed 13.03.2019 at 10:29:24) : Launcher loaded
--INFO (Wed 13.03.2019 at 10:29:25) : Chat loaded
--INFO (Wed 13.03.2019 at 10:29:25) : Connected successfully to server!
--INFO (Wed 13.03.2019 at 10:29:25) : Launcher scene was set succefully in stage.
--INFO (Wed 13.03.2019 at 10:29:27) : Login authentication requested sucessfully
--INFO (Wed 13.03.2019 at 10:29:30) : Login authentication requested sucessfully
--INFO (Wed 13.03.2019 at 10:29:30) : User: simon
--INFO (Wed 13.03.2019 at 10:29:30) : Started to loading the aplication with the detail of user.
--INFO (Wed 13.03.2019 at 10:29:30) : Loading the aplication with the detail of user terminated.
--INFO (Wed 13.03.2019 at 10:29:30) : Updated scene succesfully to chat
--INFO (Wed 13.03.2019 at 10:30:11) : Properties file 'config.properties' loaded
--FINE (Wed 13.03.2019 at 10:30:11) : Looking for property 'language'...
--INFO (Wed 13.03.2019 at 10:30:11) : language: en
--FINE (Wed 13.03.2019 at 10:30:11) : Looking for property 'color'...
--INFO (Wed 13.03.2019 at 10:30:11) : color: red
--INFO (Wed 13.03.2019 at 10:30:12) : Updater loaded
--INFO (Wed 13.03.2019 at 10:30:12) : Launcher loaded
--INFO (Wed 13.03.2019 at 10:30:13) : Chat loaded
--INFO (Wed 13.03.2019 at 10:30:13) : Connected successfully to server!
--INFO (Wed 13.03.2019 at 10:30:13) : Launcher scene was set succefully in stage.
--INFO (Wed 13.03.2019 at 10:30:15) : Login authentication requested sucessfully
--INFO (Wed 13.03.2019 at 10:30:19) : Login authentication requested sucessfully
--INFO (Wed 13.03.2019 at 10:30:19) : User: simon
--INFO (Wed 13.03.2019 at 10:30:19) : Started to loading the aplication with the detail of user.
--INFO (Wed 13.03.2019 at 10:30:19) : Loading the aplication with the detail of user terminated.
--INFO (Wed 13.03.2019 at 10:30:19) : Updated scene succesfully to chat
--INFO (Wed 13.03.2019 at 10:30:54) : Properties file 'config.properties' loaded
--FINE (Wed 13.03.2019 at 10:30:54) : Looking for property 'language'...
--INFO (Wed 13.03.2019 at 10:30:54) : language: en
--FINE (Wed 13.03.2019 at 10:30:54) : Looking for property 'color'...
--INFO (Wed 13.03.2019 at 10:30:54) : color: red
--INFO (Wed 13.03.2019 at 10:30:55) : Updater loaded
--INFO (Wed 13.03.2019 at 10:30:55) : Launcher loaded
--INFO (Wed 13.03.2019 at 10:30:56) : Chat loaded
--INFO (Wed 13.03.2019 at 10:30:56) : Connected successfully to server!
--INFO (Wed 13.03.2019 at 10:30:56) : Launcher scene was set succefully in stage.
--INFO (Wed 13.03.2019 at 10:30:58) : Login authentication requested sucessfully
--INFO (Wed 13.03.2019 at 10:31:31) : Properties file 'config.properties' loaded
--FINE (Wed 13.03.2019 at 10:31:31) : Looking for property 'language'...
--INFO (Wed 13.03.2019 at 10:31:31) : language: en
--FINE (Wed 13.03.2019 at 10:31:31) : Looking for property 'color'...
--INFO (Wed 13.03.2019 at 10:31:31) : color: red
--INFO (Wed 13.03.2019 at 10:31:31) : Updater loaded
--INFO (Wed 13.03.2019 at 10:31:32) : Launcher loaded
--INFO (Wed 13.03.2019 at 10:31:32) : Chat loaded
--INFO (Wed 13.03.2019 at 10:31:33) : Connected successfully to server!
--INFO (Wed 13.03.2019 at 10:31:33) : Launcher scene was set succefully in stage.
--INFO (Wed 13.03.2019 at 10:31:34) : Login authentication requested sucessfully
--INFO (Wed 13.03.2019 at 10:31:38) : Login authentication requested sucessfully
--INFO (Wed 13.03.2019 at 10:31:38) : User: simon
--INFO (Wed 13.03.2019 at 10:31:38) : Started to loading the aplication with the detail of user.
--INFO (Wed 13.03.2019 at 10:31:38) : Loading the aplication with the detail of user terminated.
--INFO (Wed 13.03.2019 at 10:31:38) : Updated scene succesfully to chat
--INFO (Wed 13.03.2019 at 10:32:15) : Properties file 'config.properties' loaded
--FINE (Wed 13.03.2019 at 10:32:15) : Looking for property 'language'...
--INFO (Wed 13.03.2019 at 10:32:15) : language: en
--FINE (Wed 13.03.2019 at 10:32:15) : Looking for property 'color'...
--INFO (Wed 13.03.2019 at 10:32:15) : color: red
--INFO (Wed 13.03.2019 at 10:32:16) : Updater loaded
--INFO (Wed 13.03.2019 at 10:32:17) : Launcher loaded
--INFO (Wed 13.03.2019 at 10:32:17) : Chat loaded
--INFO (Wed 13.03.2019 at 10:32:17) : Connected successfully to server!
--INFO (Wed 13.03.2019 at 10:32:18) : Launcher scene was set succefully in stage.
--INFO (Wed 13.03.2019 at 10:32:19) : Login authentication requested sucessfully
--INFO (Wed 13.03.2019 at 10:32:22) : Login authentication requested sucessfully
--INFO (Wed 13.03.2019 at 10:32:22) : User: simon
--INFO (Wed 13.03.2019 at 10:32:22) : Started to loading the aplication with the detail of user.
--INFO (Wed 13.03.2019 at 10:32:22) : Loading the aplication with the detail of user terminated.
--INFO (Wed 13.03.2019 at 10:32:22) : Updated scene succesfully to chat
--INFO (Wed 13.03.2019 at 10:33:50) : Properties file 'config.properties' loaded
--FINE (Wed 13.03.2019 at 10:33:50) : Looking for property 'language'...
--INFO (Wed 13.03.2019 at 10:33:50) : language: en
--FINE (Wed 13.03.2019 at 10:33:50) : Looking for property 'color'...
--INFO (Wed 13.03.2019 at 10:33:50) : color: red
--INFO (Wed 13.03.2019 at 10:33:50) : Updater loaded
--INFO (Wed 13.03.2019 at 10:33:51) : Launcher loaded
--INFO (Wed 13.03.2019 at 10:33:51) : Chat loaded
--INFO (Wed 13.03.2019 at 10:33:51) : Connected successfully to server!
--INFO (Wed 13.03.2019 at 10:33:52) : Launcher scene was set succefully in stage.
--INFO (Wed 13.03.2019 at 10:33:53) : Login authentication requested sucessfully
--INFO (Wed 13.03.2019 at 10:33:56) : Login authentication requested sucessfully
--INFO (Wed 13.03.2019 at 10:33:56) : User: simon
--INFO (Wed 13.03.2019 at 10:33:56) : Started to loading the aplication with the detail of user.
--INFO (Wed 13.03.2019 at 10:33:56) : Loading the aplication with the detail of user terminated.
--INFO (Wed 13.03.2019 at 10:33:56) : Updated scene succesfully to chat