<?xml version="1.0" encoding="windows-1252" standalone="no"?>
<!DOCTYPE log SYSTEM "logger.dtd">
<log>
<record>
  <date>2019-02-12T23:02:53</date>
  <millis>1550012573414</millis>
  <sequence>0</sequence>
  <logger>global</logger>
  <level>INFO</level>
  <class>handlers.LoggerHandle</class>
  <method>log</method>
  <thread>1</thread>
  <message>Database initialized;</message>
</record>
<record>
  <date>2019-02-12T23:02:55</date>
  <millis>1550012575618</millis>
  <sequence>1</sequence>
  <logger>global</logger>
  <level>WARNING</level>
  <class>handlers.LoggerHandle</class>
  <method>log</method>
  <thread>1</thread>
  <message>Error while trying to add usersimon</message>
  <exception>
    <message>java.sql.SQLException: [SQLITE_ERROR] SQL error or missing database (table users has 4 columns but 5 values were supplied)</message>
    <frame>
      <class>org.sqlite.core.DB</class>
      <method>newSQLException</method>
      <line>890</line>
    </frame>
    <frame>
      <class>org.sqlite.core.DB</class>
      <method>newSQLException</method>
      <line>901</line>
    </frame>
    <frame>
      <class>org.sqlite.core.DB</class>
      <method>throwex</method>
      <line>868</line>
    </frame>
    <frame>
      <class>org.sqlite.core.NativeDB</class>
      <method>prepare</method>
    </frame>
    <frame>
      <class>org.sqlite.core.DB</class>
      <method>prepare</method>
      <line>211</line>
    </frame>
    <frame>
      <class>org.sqlite.core.CorePreparedStatement</class>
      <method>&lt;init&gt;</method>
      <line>40</line>
    </frame>
    <frame>
      <class>org.sqlite.jdbc3.JDBC3PreparedStatement</class>
      <method>&lt;init&gt;</method>
      <line>29</line>
    </frame>
    <frame>
      <class>org.sqlite.jdbc4.JDBC4PreparedStatement</class>
      <method>&lt;init&gt;</method>
      <line>18</line>
    </frame>
    <frame>
      <class>org.sqlite.jdbc4.JDBC4Connection</class>
      <method>prepareStatement</method>
      <line>47</line>
    </frame>
    <frame>
      <class>org.sqlite.jdbc3.JDBC3Connection</class>
      <method>prepareStatement</method>
      <line>251</line>
    </frame>
    <frame>
      <class>org.sqlite.jdbc3.JDBC3Connection</class>
      <method>prepareStatement</method>
      <line>223</line>
    </frame>
    <frame>
      <class>handlers.SQLiteHandler</class>
      <method>addUser</method>
      <line>100</line>
    </frame>
    <frame>
      <class>handlers.DataBaseCatalog</class>
      <method>addUser</method>
      <line>98</line>
    </frame>
    <frame>
      <class>handlers.TesteBD</class>
      <method>main</method>
      <line>13</line>
    </frame>
  </exception>
</record>
<record>
  <date>2019-02-12T23:02:55</date>
  <millis>1550012575674</millis>
  <sequence>2</sequence>
  <logger>global</logger>
  <level>WARNING</level>
  <class>handlers.LoggerHandle</class>
  <method>log</method>
  <thread>1</thread>
  <message>Error while trying to add userberunoxxx</message>
  <exception>
    <message>java.sql.SQLException: [SQLITE_ERROR] SQL error or missing database (table users has 4 columns but 5 values were supplied)</message>
    <frame>
      <class>org.sqlite.core.DB</class>
      <method>newSQLException</method>
      <line>890</line>
    </frame>
    <frame>
      <class>org.sqlite.core.DB</class>
      <method>newSQLException</method>
      <line>901</line>
    </frame>
    <frame>
      <class>org.sqlite.core.DB</class>
      <method>throwex</method>
      <line>868</line>
    </frame>
    <frame>
      <class>org.sqlite.core.NativeDB</class>
      <method>prepare</method>
    </frame>
    <frame>
      <class>org.sqlite.core.DB</class>
      <method>prepare</method>
      <line>211</line>
    </frame>
    <frame>
      <class>org.sqlite.core.CorePreparedStatement</class>
      <method>&lt;init&gt;</method>
      <line>40</line>
    </frame>
    <frame>
      <class>org.sqlite.jdbc3.JDBC3PreparedStatement</class>
      <method>&lt;init&gt;</method>
      <line>29</line>
    </frame>
    <frame>
      <class>org.sqlite.jdbc4.JDBC4PreparedStatement</class>
      <method>&lt;init&gt;</method>
      <line>18</line>
    </frame>
    <frame>
      <class>org.sqlite.jdbc4.JDBC4Connection</class>
      <method>prepareStatement</method>
      <line>47</line>
    </frame>
    <frame>
      <class>org.sqlite.jdbc3.JDBC3Connection</class>
      <method>prepareStatement</method>
      <line>251</line>
    </frame>
    <frame>
      <class>org.sqlite.jdbc3.JDBC3Connection</class>
      <method>prepareStatement</method>
      <line>223</line>
    </frame>
    <frame>
      <class>handlers.SQLiteHandler</class>
      <method>addUser</method>
      <line>100</line>
    </frame>
    <frame>
      <class>handlers.DataBaseCatalog</class>
      <method>addUser</method>
      <line>98</line>
    </frame>
    <frame>
      <class>handlers.TesteBD</class>
      <method>main</method>
      <line>14</line>
    </frame>
  </exception>
</record>
</log>
<?xml version="1.0" encoding="windows-1252" standalone="no"?>
<!DOCTYPE log SYSTEM "logger.dtd">
<log>
<record>
  <date>2019-02-12T23:04:06</date>
  <millis>1550012646005</millis>
  <sequence>0</sequence>
  <logger>global</logger>
  <level>INFO</level>
  <class>handlers.LoggerHandle</class>
  <method>log</method>
  <thread>1</thread>
  <message>Database initialized;</message>
</record>
<record>
  <date>2019-02-12T23:04:07</date>
  <millis>1550012647471</millis>
  <sequence>1</sequence>
  <logger>global</logger>
  <level>INFO</level>
  <class>handlers.LoggerHandle</class>
  <method>log</method>
  <thread>1</thread>
  <message>User simon added successfully;</message>
</record>
<record>
  <date>2019-02-12T23:04:07</date>
  <millis>1550012647591</millis>
  <sequence>2</sequence>
  <logger>global</logger>
  <level>WARNING</level>
  <class>handlers.LoggerHandle</class>
  <method>log</method>
  <thread>1</thread>
  <message>Error while trying to add userberunoxxx</message>
  <exception>
    <message>java.sql.SQLException: [SQLITE_CONSTRAINT]  Abort due to constraint violation (UNIQUE constraint failed: usersInfo.email)</message>
    <frame>
      <class>org.sqlite.core.DB</class>
      <method>newSQLException</method>
      <line>890</line>
    </frame>
    <frame>
      <class>org.sqlite.core.DB</class>
      <method>newSQLException</method>
      <line>901</line>
    </frame>
    <frame>
      <class>org.sqlite.core.DB</class>
      <method>execute</method>
      <line>810</line>
    </frame>
    <frame>
      <class>org.sqlite.jdbc3.JDBC3PreparedStatement</class>
      <method>execute</method>
      <line>50</line>
    </frame>
    <frame>
      <class>handlers.SQLiteHandler</class>
      <method>addUser</method>
      <line>115</line>
    </frame>
    <frame>
      <class>handlers.DataBaseCatalog</class>
      <method>addUser</method>
      <line>98</line>
    </frame>
    <frame>
      <class>handlers.TesteBD</class>
      <method>main</method>
      <line>14</line>
    </frame>
  </exception>
</record>
</log>
<?xml version="1.0" encoding="windows-1252" standalone="no"?>
<!DOCTYPE log SYSTEM "logger.dtd">
<log>
<record>
  <date>2019-02-12T23:06:19</date>
  <millis>1550012779607</millis>
  <sequence>0</sequence>
  <logger>global</logger>
  <level>INFO</level>
  <class>handlers.LoggerHandle</class>
  <method>log</method>
  <thread>1</thread>
  <message>Database initialized;</message>
</record>
<record>
  <date>2019-02-12T23:06:20</date>
  <millis>1550012780893</millis>
  <sequence>1</sequence>
  <logger>global</logger>
  <level>WARNING</level>
  <class>handlers.LoggerHandle</class>
  <method>log</method>
  <thread>1</thread>
  <message>Error while trying to add usersimon</message>
  <exception>
    <message>java.sql.SQLException: [SQLITE_ERROR] SQL error or missing database (table usersInfo has 9 columns but 10 values were supplied)</message>
    <frame>
      <class>org.sqlite.core.DB</class>
      <method>newSQLException</method>
      <line>890</line>
    </frame>
    <frame>
      <class>org.sqlite.core.DB</class>
      <method>newSQLException</method>
      <line>901</line>
    </frame>
    <frame>
      <class>org.sqlite.core.DB</class>
      <method>throwex</method>
      <line>868</line>
    </frame>
    <frame>
      <class>org.sqlite.core.NativeDB</class>
      <method>prepare</method>
    </frame>
    <frame>
      <class>org.sqlite.core.DB</class>
      <method>prepare</method>
      <line>211</line>
    </frame>
    <frame>
      <class>org.sqlite.core.CorePreparedStatement</class>
      <method>&lt;init&gt;</method>
      <line>40</line>
    </frame>
    <frame>
      <class>org.sqlite.jdbc3.JDBC3PreparedStatement</class>
      <method>&lt;init&gt;</method>
      <line>29</line>
    </frame>
    <frame>
      <class>org.sqlite.jdbc4.JDBC4PreparedStatement</class>
      <method>&lt;init&gt;</method>
      <line>18</line>
    </frame>
    <frame>
      <class>org.sqlite.jdbc4.JDBC4Connection</class>
      <method>prepareStatement</method>
      <line>47</line>
    </frame>
    <frame>
      <class>org.sqlite.jdbc3.JDBC3Connection</class>
      <method>prepareStatement</method>
      <line>251</line>
    </frame>
    <frame>
      <class>org.sqlite.jdbc3.JDBC3Connection</class>
      <method>prepareStatement</method>
      <line>223</line>
    </frame>
    <frame>
      <class>handlers.SQLiteHandler</class>
      <method>addUser</method>
      <line>106</line>
    </frame>
    <frame>
      <class>handlers.DataBaseCatalog</class>
      <method>addUser</method>
      <line>98</line>
    </frame>
    <frame>
      <class>handlers.TesteBD</class>
      <method>main</method>
      <line>13</line>
    </frame>
  </exception>
</record>
<record>
  <date>2019-02-12T23:06:21</date>
  <millis>1550012781018</millis>
  <sequence>2</sequence>
  <logger>global</logger>
  <level>WARNING</level>
  <class>handlers.LoggerHandle</class>
  <method>log</method>
  <thread>1</thread>
  <message>Error while trying to add userberunoxxx</message>
  <exception>
    <message>java.sql.SQLException: [SQLITE_ERROR] SQL error or missing database (table usersInfo has 9 columns but 10 values were supplied)</message>
    <frame>
      <class>org.sqlite.core.DB</class>
      <method>newSQLException</method>
      <line>890</line>
    </frame>
    <frame>
      <class>org.sqlite.core.DB</class>
      <method>newSQLException</method>
      <line>901</line>
    </frame>
    <frame>
      <class>org.sqlite.core.DB</class>
      <method>throwex</method>
      <line>868</line>
    </frame>
    <frame>
      <class>org.sqlite.core.NativeDB</class>
      <method>prepare</method>
    </frame>
    <frame>
      <class>org.sqlite.core.DB</class>
      <method>prepare</method>
      <line>211</line>
    </frame>
    <frame>
      <class>org.sqlite.core.CorePreparedStatement</class>
      <method>&lt;init&gt;</method>
      <line>40</line>
    </frame>
    <frame>
      <class>org.sqlite.jdbc3.JDBC3PreparedStatement</class>
      <method>&lt;init&gt;</method>
      <line>29</line>
    </frame>
    <frame>
      <class>org.sqlite.jdbc4.JDBC4PreparedStatement</class>
      <method>&lt;init&gt;</method>
      <line>18</line>
    </frame>
    <frame>
      <class>org.sqlite.jdbc4.JDBC4Connection</class>
      <method>prepareStatement</method>
      <line>47</line>
    </frame>
    <frame>
      <class>org.sqlite.jdbc3.JDBC3Connection</class>
      <method>prepareStatement</method>
      <line>251</line>
    </frame>
    <frame>
      <class>org.sqlite.jdbc3.JDBC3Connection</class>
      <method>prepareStatement</method>
      <line>223</line>
    </frame>
    <frame>
      <class>handlers.SQLiteHandler</class>
      <method>addUser</method>
      <line>106</line>
    </frame>
    <frame>
      <class>handlers.DataBaseCatalog</class>
      <method>addUser</method>
      <line>98</line>
    </frame>
    <frame>
      <class>handlers.TesteBD</class>
      <method>main</method>
      <line>14</line>
    </frame>
  </exception>
</record>
</log>
<?xml version="1.0" encoding="windows-1252" standalone="no"?>
<!DOCTYPE log SYSTEM "logger.dtd">
<log>
<record>
  <date>2019-02-12T23:08:50</date>
  <millis>1550012930293</millis>
  <sequence>0</sequence>
  <logger>global</logger>
  <level>INFO</level>
  <class>handlers.LoggerHandle</class>
  <method>log</method>
  <thread>1</thread>
  <message>Database initialized;</message>
</record>
<record>
  <date>2019-02-12T23:08:51</date>
  <millis>1550012931585</millis>
  <sequence>1</sequence>
  <logger>global</logger>
  <level>WARNING</level>
  <class>handlers.LoggerHandle</class>
  <method>log</method>
  <thread>1</thread>
  <message>Error while trying to add user simon</message>
  <exception>
    <message>java.sql.SQLException: [SQLITE_ERROR] SQL error or missing database (table usersInfo has 9 columns but 10 values were supplied)</message>
    <frame>
      <class>org.sqlite.core.DB</class>
      <method>newSQLException</method>
      <line>890</line>
    </frame>
    <frame>
      <class>org.sqlite.core.DB</class>
      <method>newSQLException</method>
      <line>901</line>
    </frame>
    <frame>
      <class>org.sqlite.core.DB</class>
      <method>throwex</method>
      <line>868</line>
    </frame>
    <frame>
      <class>org.sqlite.core.NativeDB</class>
      <method>prepare</method>
    </frame>
    <frame>
      <class>org.sqlite.core.DB</class>
      <method>prepare</method>
      <line>211</line>
    </frame>
    <frame>
      <class>org.sqlite.core.CorePreparedStatement</class>
      <method>&lt;init&gt;</method>
      <line>40</line>
    </frame>
    <frame>
      <class>org.sqlite.jdbc3.JDBC3PreparedStatement</class>
      <method>&lt;init&gt;</method>
      <line>29</line>
    </frame>
    <frame>
      <class>org.sqlite.jdbc4.JDBC4PreparedStatement</class>
      <method>&lt;init&gt;</method>
      <line>18</line>
    </frame>
    <frame>
      <class>org.sqlite.jdbc4.JDBC4Connection</class>
      <method>prepareStatement</method>
      <line>47</line>
    </frame>
    <frame>
      <class>org.sqlite.jdbc3.JDBC3Connection</class>
      <method>prepareStatement</method>
      <line>251</line>
    </frame>
    <frame>
      <class>org.sqlite.jdbc3.JDBC3Connection</class>
      <method>prepareStatement</method>
      <line>223</line>
    </frame>
    <frame>
      <class>handlers.SQLiteHandler</class>
      <method>addUser</method>
      <line>106</line>
    </frame>
    <frame>
      <class>handlers.DataBaseCatalog</class>
      <method>addUser</method>
      <line>98</line>
    </frame>
    <frame>
      <class>handlers.TesteBD</class>
      <method>main</method>
      <line>13</line>
    </frame>
  </exception>
</record>
<record>
  <date>2019-02-12T23:08:51</date>
  <millis>1550012931693</millis>
  <sequence>2</sequence>
  <logger>global</logger>
  <level>WARNING</level>
  <class>handlers.LoggerHandle</class>
  <method>log</method>
  <thread>1</thread>
  <message>Error while trying to add user berunoxxx</message>
  <exception>
    <message>java.sql.SQLException: [SQLITE_ERROR] SQL error or missing database (table usersInfo has 9 columns but 10 values were supplied)</message>
    <frame>
      <class>org.sqlite.core.DB</class>
      <method>newSQLException</method>
      <line>890</line>
    </frame>
    <frame>
      <class>org.sqlite.core.DB</class>
      <method>newSQLException</method>
      <line>901</line>
    </frame>
    <frame>
      <class>org.sqlite.core.DB</class>
      <method>throwex</method>
      <line>868</line>
    </frame>
    <frame>
      <class>org.sqlite.core.NativeDB</class>
      <method>prepare</method>
    </frame>
    <frame>
      <class>org.sqlite.core.DB</class>
      <method>prepare</method>
      <line>211</line>
    </frame>
    <frame>
      <class>org.sqlite.core.CorePreparedStatement</class>
      <method>&lt;init&gt;</method>
      <line>40</line>
    </frame>
    <frame>
      <class>org.sqlite.jdbc3.JDBC3PreparedStatement</class>
      <method>&lt;init&gt;</method>
      <line>29</line>
    </frame>
    <frame>
      <class>org.sqlite.jdbc4.JDBC4PreparedStatement</class>
      <method>&lt;init&gt;</method>
      <line>18</line>
    </frame>
    <frame>
      <class>org.sqlite.jdbc4.JDBC4Connection</class>
      <method>prepareStatement</method>
      <line>47</line>
    </frame>
    <frame>
      <class>org.sqlite.jdbc3.JDBC3Connection</class>
      <method>prepareStatement</method>
      <line>251</line>
    </frame>
    <frame>
      <class>org.sqlite.jdbc3.JDBC3Connection</class>
      <method>prepareStatement</method>
      <line>223</line>
    </frame>
    <frame>
      <class>handlers.SQLiteHandler</class>
      <method>addUser</method>
      <line>106</line>
    </frame>
    <frame>
      <class>handlers.DataBaseCatalog</class>
      <method>addUser</method>
      <line>98</line>
    </frame>
    <frame>
      <class>handlers.TesteBD</class>
      <method>main</method>
      <line>14</line>
    </frame>
  </exception>
</record>
</log>
<?xml version="1.0" encoding="windows-1252" standalone="no"?>
<!DOCTYPE log SYSTEM "logger.dtd">
<log>
<record>
  <date>2019-02-12T23:12:12</date>
  <millis>1550013132359</millis>
  <sequence>0</sequence>
  <logger>global</logger>
  <level>INFO</level>
  <class>handlers.LoggerHandle</class>
  <method>log</method>
  <thread>1</thread>
  <message>Database initialized;</message>
</record>
<record>
  <date>2019-02-12T23:12:13</date>
  <millis>1550013133621</millis>
  <sequence>1</sequence>
  <logger>global</logger>
  <level>INFO</level>
  <class>handlers.LoggerHandle</class>
  <method>log</method>
  <thread>1</thread>
  <message>User simon added successfully;</message>
</record>
<record>
  <date>2019-02-12T23:12:13</date>
  <millis>1550013133814</millis>
  <sequence>2</sequence>
  <logger>global</logger>
  <level>INFO</level>
  <class>handlers.LoggerHandle</class>
  <method>log</method>
  <thread>1</thread>
  <message>User berunoxxx added successfully;</message>
</record>
</log>
<?xml version="1.0" encoding="windows-1252" standalone="no"?>
<!DOCTYPE log SYSTEM "logger.dtd">
<log>
<record>
  <date>2019-02-12T23:12:41</date>
  <millis>1550013161954</millis>
  <sequence>0</sequence>
  <logger>global</logger>
  <level>INFO</level>
  <class>handlers.LoggerHandle</class>
  <method>log</method>
  <thread>1</thread>
  <message>Server restarted;</message>
</record>
<record>
  <date>2019-02-12T23:12:42</date>
  <millis>1550013162239</millis>
  <sequence>1</sequence>
  <logger>global</logger>
  <level>INFO</level>
  <class>handlers.LoggerHandle</class>
  <method>log</method>
  <thread>1</thread>
  <message>Database initialized;</message>
</record>
<record>
  <date>2019-02-12T23:12:42</date>
  <millis>1550013162243</millis>
  <sequence>2</sequence>
  <logger>global</logger>
  <level>INFO</level>
  <class>handlers.LoggerHandle</class>
  <method>log</method>
  <thread>1</thread>
  <message>Server initialized;</message>
</record>
<record>
  <date>2019-02-12T23:12:42</date>
  <millis>1550013162247</millis>
  <sequence>3</sequence>
  <logger>global</logger>
  <level>INFO</level>
  <class>handlers.LoggerHandle</class>
  <method>log</method>
  <thread>1</thread>
  <message>Server started to wait for new connections;</message>
</record>
<record>
  <date>2019-02-12T23:12:49</date>
  <millis>1550013169140</millis>
  <sequence>4</sequence>
  <logger>global</logger>
  <level>INFO</level>
  <class>handlers.LoggerHandle</class>
  <method>log</method>
  <thread>1</thread>
  <message>New connection was accepted: /127.0.0.1:49992</message>
</record>
<record>
  <date>2019-02-12T23:12:57</date>
  <millis>1550013177969</millis>
  <sequence>5</sequence>
  <logger>global</logger>
  <level>INFO</level>
  <class>handlers.LoggerHandle</class>
  <method>log</method>
  <thread>12</thread>
  <message>User simon trying to login into the server;</message>
</record>
<record>
  <date>2019-02-12T23:12:58</date>
  <millis>1550013178757</millis>
  <sequence>6</sequence>
  <logger>global</logger>
  <level>INFO</level>
  <class>handlers.LoggerHandle</class>
  <method>log</method>
  <thread>12</thread>
  <message>User simon logged in the server</message>
</record>
<record>
  <date>2019-02-12T23:13:13</date>
  <millis>1550013193576</millis>
  <sequence>7</sequence>
  <logger>global</logger>
  <level>INFO</level>
  <class>handlers.LoggerHandle</class>
  <method>log</method>
  <thread>12</thread>
  <message>User simon disconnected;</message>
</record>
<?xml version="1.0" encoding="windows-1252" standalone="no"?>
<!DOCTYPE log SYSTEM "logger.dtd">
<log>
<record>
  <date>2019-02-12T23:19:43</date>
  <millis>1550013583484</millis>
  <sequence>0</sequence>
  <logger>global</logger>
  <level>INFO</level>
  <class>handlers.LoggerHandle</class>
  <method>log</method>
  <thread>1</thread>
  <message>Database initialized;</message>
</record>
<record>
  <date>2019-02-12T23:19:44</date>
  <millis>1550013584684</millis>
  <sequence>1</sequence>
  <logger>global</logger>
  <level>INFO</level>
  <class>handlers.LoggerHandle</class>
  <method>log</method>
  <thread>1</thread>
  <message>User simon added successfully;</message>
</record>
<record>
  <date>2019-02-12T23:19:44</date>
  <millis>1550013584894</millis>
  <sequence>2</sequence>
  <logger>global</logger>
  <level>INFO</level>
  <class>handlers.LoggerHandle</class>
  <method>log</method>
  <thread>1</thread>
  <message>User berunoxxx added successfully;</message>
</record>
</log>
<?xml version="1.0" encoding="windows-1252" standalone="no"?>
<!DOCTYPE log SYSTEM "logger.dtd">
<log>
<record>
  <date>2019-02-12T23:21:16</date>
  <millis>1550013676933</millis>
  <sequence>0</sequence>
  <logger>global</logger>
  <level>INFO</level>
  <class>handlers.LoggerHandle</class>
  <method>log</method>
  <thread>1</thread>
  <message>Server restarted;</message>
</record>
<record>
  <date>2019-02-12T23:21:17</date>
  <millis>1550013677185</millis>
  <sequence>1</sequence>
  <logger>global</logger>
  <level>INFO</level>
  <class>handlers.LoggerHandle</class>
  <method>log</method>
  <thread>1</thread>
  <message>Database initialized;</message>
</record>
<record>
  <date>2019-02-12T23:21:17</date>
  <millis>1550013677190</millis>
  <sequence>2</sequence>
  <logger>global</logger>
  <level>INFO</level>
  <class>handlers.LoggerHandle</class>
  <method>log</method>
  <thread>1</thread>
  <message>Server initialized;</message>
</record>
<record>
  <date>2019-02-12T23:21:17</date>
  <millis>1550013677194</millis>
  <sequence>3</sequence>
  <logger>global</logger>
  <level>INFO</level>
  <class>handlers.LoggerHandle</class>
  <method>log</method>
  <thread>1</thread>
  <message>Server started to wait for new connections;</message>
</record>
<record>
  <date>2019-02-12T23:21:28</date>
  <millis>1550013688107</millis>
  <sequence>4</sequence>
  <logger>global</logger>
  <level>INFO</level>
  <class>handlers.LoggerHandle</class>
  <method>log</method>
  <thread>1</thread>
  <message>New connection was accepted: /127.0.0.1:49997</message>
</record>
<record>
  <date>2019-02-12T23:21:32</date>
  <millis>1550013692349</millis>
  <sequence>5</sequence>
  <logger>global</logger>
  <level>INFO</level>
  <class>handlers.LoggerHandle</class>
  <method>log</method>
  <thread>12</thread>
  <message>User simon trying to login into the server;</message>
</record>
<record>
  <date>2019-02-12T23:21:33</date>
  <millis>1550013693137</millis>
  <sequence>6</sequence>
  <logger>global</logger>
  <level>INFO</level>
  <class>handlers.LoggerHandle</class>
  <method>log</method>
  <thread>12</thread>
  <message>User simon logged in the server</message>
</record>
<record>
  <date>2019-02-12T23:23:31</date>
  <millis>1550013811550</millis>
  <sequence>7</sequence>
  <logger>global</logger>
  <level>INFO</level>
  <class>handlers.LoggerHandle</class>
  <method>log</method>
  <thread>12</thread>
  <message>User simon disconnected;</message>
</record>
<?xml version="1.0" encoding="windows-1252" standalone="no"?>
<!DOCTYPE log SYSTEM "logger.dtd">
<log>
<record>
  <date>2019-02-12T23:33:30</date>
  <millis>1550014410105</millis>
  <sequence>0</sequence>
  <logger>global</logger>
  <level>INFO</level>
  <class>handlers.LoggerHandle</class>
  <method>log</method>
  <thread>1</thread>
  <message>Server restarted;</message>
</record>
<record>
  <date>2019-02-12T23:33:30</date>
  <millis>1550014410397</millis>
  <sequence>1</sequence>
  <logger>global</logger>
  <level>INFO</level>
  <class>handlers.LoggerHandle</class>
  <method>log</method>
  <thread>1</thread>
  <message>Database initialized;</message>
</record>
<record>
  <date>2019-02-12T23:33:30</date>
  <millis>1550014410402</millis>
  <sequence>2</sequence>
  <logger>global</logger>
  <level>INFO</level>
  <class>handlers.LoggerHandle</class>
  <method>log</method>
  <thread>1</thread>
  <message>Server initialized;</message>
</record>
<record>
  <date>2019-02-12T23:33:30</date>
  <millis>1550014410407</millis>
  <sequence>3</sequence>
  <logger>global</logger>
  <level>INFO</level>
  <class>handlers.LoggerHandle</class>
  <method>log</method>
  <thread>1</thread>
  <message>Server started to wait for new connections;</message>
</record>
<record>
  <date>2019-02-12T23:33:53</date>
  <millis>1550014433235</millis>
  <sequence>4</sequence>
  <logger>global</logger>
  <level>INFO</level>
  <class>handlers.LoggerHandle</class>
  <method>log</method>
  <thread>1</thread>
  <message>New connection was accepted: /127.0.0.1:50023</message>
</record>
<record>
  <date>2019-02-12T23:33:57</date>
  <millis>1550014437134</millis>
  <sequence>5</sequence>
  <logger>global</logger>
  <level>INFO</level>
  <class>handlers.LoggerHandle</class>
  <method>log</method>
  <thread>12</thread>
  <message>User simon trying to login into the server;</message>
</record>
<record>
  <date>2019-02-12T23:33:57</date>
  <millis>1550014437994</millis>
  <sequence>6</sequence>
  <logger>global</logger>
  <level>INFO</level>
  <class>handlers.LoggerHandle</class>
  <method>log</method>
  <thread>12</thread>
  <message>User simon logged in the server</message>
</record>
<record>
  <date>2019-02-12T23:34:18</date>
  <millis>1550014458092</millis>
  <sequence>7</sequence>
  <logger>global</logger>
  <level>INFO</level>
  <class>handlers.LoggerHandle</class>
  <method>log</method>
  <thread>12</thread>
  <message>User simon disconnected;</message>
</record>
<?xml version="1.0" encoding="windows-1252" standalone="no"?>
<!DOCTYPE log SYSTEM "logger.dtd">
<log>
<record>
  <date>2019-02-12T23:34:30</date>
  <millis>1550014470366</millis>
  <sequence>0</sequence>
  <logger>global</logger>
  <level>INFO</level>
  <class>handlers.LoggerHandle</class>
  <method>log</method>
  <thread>1</thread>
  <message>Database initialized;</message>
</record>
<record>
  <date>2019-02-12T23:34:31</date>
  <millis>1550014471611</millis>
  <sequence>1</sequence>
  <logger>global</logger>
  <level>INFO</level>
  <class>handlers.LoggerHandle</class>
  <method>log</method>
  <thread>1</thread>
  <message>User simon added successfully;</message>
</record>
<record>
  <date>2019-02-12T23:34:31</date>
  <millis>1550014471844</millis>
  <sequence>2</sequence>
  <logger>global</logger>
  <level>INFO</level>
  <class>handlers.LoggerHandle</class>
  <method>log</method>
  <thread>1</thread>
  <message>User berunoxxx added successfully;</message>
</record>
</log>
<?xml version="1.0" encoding="windows-1252" standalone="no"?>
<!DOCTYPE log SYSTEM "logger.dtd">
<log>
<record>
  <date>2019-02-12T23:34:57</date>
  <millis>1550014497150</millis>
  <sequence>0</sequence>
  <logger>global</logger>
  <level>INFO</level>
  <class>handlers.LoggerHandle</class>
  <method>log</method>
  <thread>1</thread>
  <message>Server restarted;</message>
</record>
<record>
  <date>2019-02-12T23:34:57</date>
  <millis>1550014497446</millis>
  <sequence>1</sequence>
  <logger>global</logger>
  <level>INFO</level>
  <class>handlers.LoggerHandle</class>
  <method>log</method>
  <thread>1</thread>
  <message>Database initialized;</message>
</record>
<record>
  <date>2019-02-12T23:34:57</date>
  <millis>1550014497449</millis>
  <sequence>2</sequence>
  <logger>global</logger>
  <level>INFO</level>
  <class>handlers.LoggerHandle</class>
  <method>log</method>
  <thread>1</thread>
  <message>Server initialized;</message>
</record>
<record>
  <date>2019-02-12T23:34:57</date>
  <millis>1550014497453</millis>
  <sequence>3</sequence>
  <logger>global</logger>
  <level>INFO</level>
  <class>handlers.LoggerHandle</class>
  <method>log</method>
  <thread>1</thread>
  <message>Server started to wait for new connections;</message>
</record>
<record>
  <date>2019-02-12T23:35:04</date>
  <millis>1550014504972</millis>
  <sequence>4</sequence>
  <logger>global</logger>
  <level>INFO</level>
  <class>handlers.LoggerHandle</class>
  <method>log</method>
  <thread>1</thread>
  <message>New connection was accepted: /127.0.0.1:50037</message>
</record>
<record>
  <date>2019-02-12T23:35:08</date>
  <millis>1550014508739</millis>
  <sequence>5</sequence>
  <logger>global</logger>
  <level>INFO</level>
  <class>handlers.LoggerHandle</class>
  <method>log</method>
  <thread>12</thread>
  <message>User simon trying to login into the server;</message>
</record>
<record>
  <date>2019-02-12T23:35:09</date>
  <millis>1550014509630</millis>
  <sequence>6</sequence>
  <logger>global</logger>
  <level>INFO</level>
  <class>handlers.LoggerHandle</class>
  <method>log</method>
  <thread>12</thread>
  <message>User simon logged in the server</message>
</record>
<record>
  <date>2019-02-12T23:35:18</date>
  <millis>1550014518206</millis>
  <sequence>7</sequence>
  <logger>global</logger>
  <level>INFO</level>
  <class>handlers.LoggerHandle</class>
  <method>log</method>
  <thread>12</thread>
  <message>User simon disconnected;</message>
</record>
<record>
  <date>2019-02-12T23:40:12</date>
  <millis>1550014812339</millis>
  <sequence>8</sequence>
  <logger>global</logger>
  <level>INFO</level>
  <class>handlers.LoggerHandle</class>
  <method>log</method>
  <thread>1</thread>
  <message>New connection was accepted: /127.0.0.1:50137</message>
</record>
<record>
  <date>2019-02-12T23:40:16</date>
  <millis>1550014816281</millis>
  <sequence>9</sequence>
  <logger>global</logger>
  <level>INFO</level>
  <class>handlers.LoggerHandle</class>
  <method>log</method>
  <thread>13</thread>
  <message>User simon trying to login into the server;</message>
</record>
<record>
  <date>2019-02-12T23:40:16</date>
  <millis>1550014816316</millis>
  <sequence>10</sequence>
  <logger>global</logger>
  <level>INFO</level>
  <class>handlers.LoggerHandle</class>
  <method>log</method>
  <thread>13</thread>
  <message>User simon logged in the server</message>
</record>
<record>
  <date>2019-02-12T23:44:12</date>
  <millis>1550015052665</millis>
  <sequence>11</sequence>
  <logger>global</logger>
  <level>INFO</level>
  <class>handlers.LoggerHandle</class>
  <method>log</method>
  <thread>13</thread>
  <message>User simon disconnected;</message>
</record>
